ARM GAS  C:\Users\KRISTE~1\AppData\Local\Temp\ccmH88Ho.s 			page 1


   1              		.syntax unified
   2              		.cpu cortex-m3
   3              		.fpu softvfp
   4              		.eabi_attribute 20, 1
   5              		.eabi_attribute 21, 1
   6              		.eabi_attribute 23, 3
   7              		.eabi_attribute 24, 1
   8              		.eabi_attribute 25, 1
   9              		.eabi_attribute 26, 1
  10              		.eabi_attribute 30, 1
  11              		.eabi_attribute 34, 1
  12              		.eabi_attribute 18, 4
  13              		.thumb
  14              		.syntax unified
  15              		.file	"cymetadata.c"
  16              		.text
  17              	.Ltext0:
  18              		.cfi_sections	.debug_frame
  19              		.global	cy_metadata
  20              		.global	cy_meta_flashprotect
  21              		.global	cy_meta_wonvl
  22              		.global	cy_meta_custnvl
  23              		.global	cy_meta_configecc
  24              		.section	.cyconfigecc,"a",%progbits
  25              		.align	2
  26              		.type	cy_meta_configecc, %object
  27              		.size	cy_meta_configecc, 732
  28              	cy_meta_configecc:
  29 0000 01       		.byte	1
  30 0001 52       		.byte	82
  31 0002 00       		.byte	0
  32 0003 40       		.byte	64
  33 0004 03       		.byte	3
  34 0005 64       		.byte	100
  35 0006 00       		.byte	0
  36 0007 40       		.byte	64
  37 0008 5E       		.byte	94
  38 0009 00       		.byte	0
  39 000a 01       		.byte	1
  40 000b 40       		.byte	64
  41 000c 35       		.byte	53
  42 000d 01       		.byte	1
  43 000e 01       		.byte	1
  44 000f 40       		.byte	64
  45 0010 62       		.byte	98
  46 0011 02       		.byte	2
  47 0012 01       		.byte	1
  48 0013 40       		.byte	64
  49 0014 44       		.byte	68
  50 0015 03       		.byte	3
  51 0016 01       		.byte	1
  52 0017 40       		.byte	64
  53 0018 01       		.byte	1
  54 0019 05       		.byte	5
  55 001a 01       		.byte	1
  56 001b 40       		.byte	64
  57 001c 05       		.byte	5
ARM GAS  C:\Users\KRISTE~1\AppData\Local\Temp\ccmH88Ho.s 			page 2


  58 001d 40       		.byte	64
  59 001e 01       		.byte	1
  60 001f 40       		.byte	64
  61 0020 02       		.byte	2
  62 0021 41       		.byte	65
  63 0022 01       		.byte	1
  64 0023 40       		.byte	64
  65 0024 02       		.byte	2
  66 0025 50       		.byte	80
  67 0026 01       		.byte	1
  68 0027 40       		.byte	64
  69 0028 24       		.byte	36
  70 0029 80       		.byte	-128
  71 002a 81       		.byte	-127
  72 002b 38       		.byte	56
  73 002c 82       		.byte	-126
  74 002d 72       		.byte	114
  75 002e 83       		.byte	-125
  76 002f 0F       		.byte	15
  77 0030 05       		.byte	5
  78 0031 80       		.byte	-128
  79 0032 07       		.byte	7
  80 0033 13       		.byte	19
  81 0034 08       		.byte	8
  82 0035 0C       		.byte	12
  83 0036 0A       		.byte	10
  84 0037 71       		.byte	113
  85 0038 0E       		.byte	14
  86 0039 03       		.byte	3
  87 003a 10       		.byte	16
  88 003b DC       		.byte	-36
  89 003c 12       		.byte	18
  90 003d 22       		.byte	34
  91 003e 13       		.byte	19
  92 003f 0C       		.byte	12
  93 0040 14       		.byte	20
  94 0041 10       		.byte	16
  95 0042 15       		.byte	21
  96 0043 71       		.byte	113
  97 0044 16       		.byte	22
  98 0045 AC       		.byte	-84
  99 0046 17       		.byte	23
 100 0047 06       		.byte	6
 101 0048 1B       		.byte	27
 102 0049 08       		.byte	8
 103 004a 1C       		.byte	28
 104 004b 09       		.byte	9
 105 004c 1D       		.byte	29
 106 004d 2C       		.byte	44
 107 004e 1E       		.byte	30
 108 004f D0       		.byte	-48
 109 0050 1F       		.byte	31
 110 0051 43       		.byte	67
 111 0052 20       		.byte	32
 112 0053 14       		.byte	20
 113 0054 24       		.byte	36
 114 0055 10       		.byte	16
ARM GAS  C:\Users\KRISTE~1\AppData\Local\Temp\ccmH88Ho.s 			page 3


 115 0056 26       		.byte	38
 116 0057 40       		.byte	64
 117 0058 29       		.byte	41
 118 0059 71       		.byte	113
 119 005a 2A       		.byte	42
 120 005b 20       		.byte	32
 121 005c 2B       		.byte	43
 122 005d 0E       		.byte	14
 123 005e 30       		.byte	48
 124 005f 1F       		.byte	31
 125 0060 31       		.byte	49
 126 0061 C0       		.byte	-64
 127 0062 33       		.byte	51
 128 0063 30       		.byte	48
 129 0064 34       		.byte	52
 130 0065 E0       		.byte	-32
 131 0066 37       		.byte	55
 132 0067 0F       		.byte	15
 133 0068 39       		.byte	57
 134 0069 0A       		.byte	10
 135 006a 3A       		.byte	58
 136 006b 20       		.byte	32
 137 006c 3B       		.byte	59
 138 006d 80       		.byte	-128
 139 006e 3F       		.byte	63
 140 006f 04       		.byte	4
 141 0070 40       		.byte	64
 142 0071 03       		.byte	3
 143 0072 45       		.byte	69
 144 0073 04       		.byte	4
 145 0074 49       		.byte	73
 146 0075 FF       		.byte	-1
 147 0076 4A       		.byte	74
 148 0077 07       		.byte	7
 149 0078 4B       		.byte	75
 150 0079 FF       		.byte	-1
 151 007a 4C       		.byte	76
 152 007b 40       		.byte	64
 153 007c 4D       		.byte	77
 154 007d 20       		.byte	32
 155 007e 4E       		.byte	78
 156 007f F0       		.byte	-16
 157 0080 4F       		.byte	79
 158 0081 05       		.byte	5
 159 0082 50       		.byte	80
 160 0083 08       		.byte	8
 161 0084 58       		.byte	88
 162 0085 04       		.byte	4
 163 0086 59       		.byte	89
 164 0087 04       		.byte	4
 165 0088 5A       		.byte	90
 166 0089 04       		.byte	4
 167 008a 5F       		.byte	95
 168 008b 01       		.byte	1
 169 008c 60       		.byte	96
 170 008d 40       		.byte	64
 171 008e 61       		.byte	97
ARM GAS  C:\Users\KRISTE~1\AppData\Local\Temp\ccmH88Ho.s 			page 4


 172 008f A8       		.byte	-88
 173 0090 62       		.byte	98
 174 0091 40       		.byte	64
 175 0092 63       		.byte	99
 176 0093 20       		.byte	32
 177 0094 80       		.byte	-128
 178 0095 1C       		.byte	28
 179 0096 81       		.byte	-127
 180 0097 0F       		.byte	15
 181 0098 82       		.byte	-126
 182 0099 21       		.byte	33
 183 009a 83       		.byte	-125
 184 009b 70       		.byte	112
 185 009c 84       		.byte	-124
 186 009d 18       		.byte	24
 187 009e 85       		.byte	-123
 188 009f 73       		.byte	115
 189 00a0 87       		.byte	-121
 190 00a1 0C       		.byte	12
 191 00a2 88       		.byte	-120
 192 00a3 08       		.byte	8
 193 00a4 89       		.byte	-119
 194 00a5 7F       		.byte	127
 195 00a6 8C       		.byte	-116
 196 00a7 10       		.byte	16
 197 00a8 8D       		.byte	-115
 198 00a9 11       		.byte	17
 199 00aa 8F       		.byte	-113
 200 00ab 80       		.byte	-128
 201 00ac 90       		.byte	-112
 202 00ad 3C       		.byte	60
 203 00ae 91       		.byte	-111
 204 00af 0C       		.byte	12
 205 00b0 92       		.byte	-110
 206 00b1 02       		.byte	2
 207 00b2 93       		.byte	-109
 208 00b3 73       		.byte	115
 209 00b4 94       		.byte	-108
 210 00b5 3F       		.byte	63
 211 00b6 95       		.byte	-107
 212 00b7 22       		.byte	34
 213 00b8 99       		.byte	-103
 214 00b9 33       		.byte	51
 215 00ba 9A       		.byte	-102
 216 00bb 04       		.byte	4
 217 00bc 9E       		.byte	-98
 218 00bd 23       		.byte	35
 219 00be A0       		.byte	-96
 220 00bf 40       		.byte	64
 221 00c0 A3       		.byte	-93
 222 00c1 73       		.byte	115
 223 00c2 A4       		.byte	-92
 224 00c3 27       		.byte	39
 225 00c4 A5       		.byte	-91
 226 00c5 04       		.byte	4
 227 00c6 A6       		.byte	-90
 228 00c7 18       		.byte	24
ARM GAS  C:\Users\KRISTE~1\AppData\Local\Temp\ccmH88Ho.s 			page 5


 229 00c8 A9       		.byte	-87
 230 00c9 0C       		.byte	12
 231 00ca AC       		.byte	-84
 232 00cb 04       		.byte	4
 233 00cc AD       		.byte	-83
 234 00cd 08       		.byte	8
 235 00ce B0       		.byte	-80
 236 00cf 1F       		.byte	31
 237 00d0 B1       		.byte	-79
 238 00d1 4C       		.byte	76
 239 00d2 B2       		.byte	-78
 240 00d3 40       		.byte	64
 241 00d4 B3       		.byte	-77
 242 00d5 80       		.byte	-128
 243 00d6 B4       		.byte	-76
 244 00d7 38       		.byte	56
 245 00d8 B5       		.byte	-75
 246 00d9 0F       		.byte	15
 247 00da B7       		.byte	-73
 248 00db 30       		.byte	48
 249 00dc BA       		.byte	-70
 250 00dd 02       		.byte	2
 251 00de BB       		.byte	-69
 252 00df 22       		.byte	34
 253 00e0 BE       		.byte	-66
 254 00e1 04       		.byte	4
 255 00e2 D4       		.byte	-44
 256 00e3 18       		.byte	24
 257 00e4 D8       		.byte	-40
 258 00e5 04       		.byte	4
 259 00e6 D9       		.byte	-39
 260 00e7 04       		.byte	4
 261 00e8 DB       		.byte	-37
 262 00e9 04       		.byte	4
 263 00ea DF       		.byte	-33
 264 00eb 01       		.byte	1
 265 00ec 03       		.byte	3
 266 00ed 0B       		.byte	11
 267 00ee 05       		.byte	5
 268 00ef 80       		.byte	-128
 269 00f0 06       		.byte	6
 270 00f1 28       		.byte	40
 271 00f2 07       		.byte	7
 272 00f3 40       		.byte	64
 273 00f4 0A       		.byte	10
 274 00f5 92       		.byte	-110
 275 00f6 0C       		.byte	12
 276 00f7 41       		.byte	65
 277 00f8 0E       		.byte	14
 278 00f9 4A       		.byte	74
 279 00fa 0F       		.byte	15
 280 00fb 20       		.byte	32
 281 00fc 10       		.byte	16
 282 00fd A8       		.byte	-88
 283 00fe 16       		.byte	22
 284 00ff 01       		.byte	1
 285 0100 17       		.byte	23
ARM GAS  C:\Users\KRISTE~1\AppData\Local\Temp\ccmH88Ho.s 			page 6


 286 0101 09       		.byte	9
 287 0102 19       		.byte	25
 288 0103 10       		.byte	16
 289 0104 1B       		.byte	27
 290 0105 02       		.byte	2
 291 0106 1C       		.byte	28
 292 0107 40       		.byte	64
 293 0108 1E       		.byte	30
 294 0109 60       		.byte	96
 295 010a 1F       		.byte	31
 296 010b 20       		.byte	32
 297 010c 21       		.byte	33
 298 010d 04       		.byte	4
 299 010e 22       		.byte	34
 300 010f 41       		.byte	65
 301 0110 24       		.byte	36
 302 0111 04       		.byte	4
 303 0112 25       		.byte	37
 304 0113 01       		.byte	1
 305 0114 26       		.byte	38
 306 0115 04       		.byte	4
 307 0116 27       		.byte	39
 308 0117 4A       		.byte	74
 309 0118 29       		.byte	41
 310 0119 10       		.byte	16
 311 011a 2B       		.byte	43
 312 011b 08       		.byte	8
 313 011c 2C       		.byte	44
 314 011d 40       		.byte	64
 315 011e 2D       		.byte	45
 316 011f 80       		.byte	-128
 317 0120 2E       		.byte	46
 318 0121 28       		.byte	40
 319 0122 30       		.byte	48
 320 0123 20       		.byte	32
 321 0124 31       		.byte	49
 322 0125 04       		.byte	4
 323 0126 32       		.byte	50
 324 0127 41       		.byte	65
 325 0128 34       		.byte	52
 326 0129 01       		.byte	1
 327 012a 36       		.byte	54
 328 012b 28       		.byte	40
 329 012c 38       		.byte	56
 330 012d 08       		.byte	8
 331 012e 3C       		.byte	60
 332 012f 04       		.byte	4
 333 0130 3D       		.byte	61
 334 0131 02       		.byte	2
 335 0132 3F       		.byte	63
 336 0133 A0       		.byte	-96
 337 0134 41       		.byte	65
 338 0135 04       		.byte	4
 339 0136 48       		.byte	72
 340 0137 20       		.byte	32
 341 0138 50       		.byte	80
 342 0139 0C       		.byte	12
ARM GAS  C:\Users\KRISTE~1\AppData\Local\Temp\ccmH88Ho.s 			page 7


 343 013a 5F       		.byte	95
 344 013b 02       		.byte	2
 345 013c 66       		.byte	102
 346 013d 80       		.byte	-128
 347 013e 67       		.byte	103
 348 013f 08       		.byte	8
 349 0140 8A       		.byte	-118
 350 0141 10       		.byte	16
 351 0142 C0       		.byte	-64
 352 0143 F3       		.byte	-13
 353 0144 C2       		.byte	-62
 354 0145 FD       		.byte	-3
 355 0146 C4       		.byte	-60
 356 0147 BE       		.byte	-66
 357 0148 CA       		.byte	-54
 358 0149 F4       		.byte	-12
 359 014a CC       		.byte	-52
 360 014b EF       		.byte	-17
 361 014c CE       		.byte	-50
 362 014d F2       		.byte	-14
 363 014e D0       		.byte	-48
 364 014f 02       		.byte	2
 365 0150 D6       		.byte	-42
 366 0151 80       		.byte	-128
 367 0152 D8       		.byte	-40
 368 0153 30       		.byte	48
 369 0154 E2       		.byte	-30
 370 0155 80       		.byte	-128
 371 0156 00       		.byte	0
 372 0157 02       		.byte	2
 373 0158 02       		.byte	2
 374 0159 01       		.byte	1
 375 015a 03       		.byte	3
 376 015b 80       		.byte	-128
 377 015c 04       		.byte	4
 378 015d 04       		.byte	4
 379 015e 05       		.byte	5
 380 015f 73       		.byte	115
 381 0160 08       		.byte	8
 382 0161 03       		.byte	3
 383 0162 09       		.byte	9
 384 0163 73       		.byte	115
 385 0164 0C       		.byte	12
 386 0165 02       		.byte	2
 387 0166 0D       		.byte	13
 388 0167 21       		.byte	33
 389 0168 0E       		.byte	14
 390 0169 01       		.byte	1
 391 016a 0F       		.byte	15
 392 016b 1A       		.byte	26
 393 016c 12       		.byte	18
 394 016d 08       		.byte	8
 395 016e 14       		.byte	20
 396 016f 03       		.byte	3
 397 0170 15       		.byte	21
 398 0171 42       		.byte	66
 399 0172 17       		.byte	23
ARM GAS  C:\Users\KRISTE~1\AppData\Local\Temp\ccmH88Ho.s 			page 8


 400 0173 19       		.byte	25
 401 0174 19       		.byte	25
 402 0175 10       		.byte	16
 403 0176 1A       		.byte	26
 404 0177 08       		.byte	8
 405 0178 1B       		.byte	27
 406 0179 64       		.byte	100
 407 017a 24       		.byte	36
 408 017b 04       		.byte	4
 409 017c 27       		.byte	39
 410 017d 80       		.byte	-128
 411 017e 2C       		.byte	44
 412 017f 04       		.byte	4
 413 0180 30       		.byte	48
 414 0181 01       		.byte	1
 415 0182 31       		.byte	49
 416 0183 0C       		.byte	12
 417 0184 32       		.byte	50
 418 0185 08       		.byte	8
 419 0186 33       		.byte	51
 420 0187 03       		.byte	3
 421 0188 34       		.byte	52
 422 0189 02       		.byte	2
 423 018a 35       		.byte	53
 424 018b 70       		.byte	112
 425 018c 36       		.byte	54
 426 018d 04       		.byte	4
 427 018e 37       		.byte	55
 428 018f 80       		.byte	-128
 429 0190 38       		.byte	56
 430 0191 02       		.byte	2
 431 0192 3E       		.byte	62
 432 0193 14       		.byte	20
 433 0194 3F       		.byte	63
 434 0195 41       		.byte	65
 435 0196 40       		.byte	64
 436 0197 35       		.byte	53
 437 0198 41       		.byte	65
 438 0199 06       		.byte	6
 439 019a 42       		.byte	66
 440 019b 02       		.byte	2
 441 019c 44       		.byte	68
 442 019d 01       		.byte	1
 443 019e 45       		.byte	69
 444 019f CE       		.byte	-50
 445 01a0 48       		.byte	72
 446 01a1 03       		.byte	3
 447 01a2 49       		.byte	73
 448 01a3 FF       		.byte	-1
 449 01a4 4A       		.byte	74
 450 01a5 FF       		.byte	-1
 451 01a6 4B       		.byte	75
 452 01a7 FF       		.byte	-1
 453 01a8 4C       		.byte	76
 454 01a9 62       		.byte	98
 455 01aa 4D       		.byte	77
 456 01ab A0       		.byte	-96
ARM GAS  C:\Users\KRISTE~1\AppData\Local\Temp\ccmH88Ho.s 			page 9


 457 01ac 4E       		.byte	78
 458 01ad F0       		.byte	-16
 459 01ae 4F       		.byte	79
 460 01af 41       		.byte	65
 461 01b0 50       		.byte	80
 462 01b1 0C       		.byte	12
 463 01b2 56       		.byte	86
 464 01b3 02       		.byte	2
 465 01b4 57       		.byte	87
 466 01b5 12       		.byte	18
 467 01b6 58       		.byte	88
 468 01b7 04       		.byte	4
 469 01b8 59       		.byte	89
 470 01b9 04       		.byte	4
 471 01ba 5A       		.byte	90
 472 01bb 04       		.byte	4
 473 01bc 5B       		.byte	91
 474 01bd 04       		.byte	4
 475 01be 5F       		.byte	95
 476 01bf 01       		.byte	1
 477 01c0 66       		.byte	102
 478 01c1 40       		.byte	64
 479 01c2 67       		.byte	103
 480 01c3 02       		.byte	2
 481 01c4 69       		.byte	105
 482 01c5 10       		.byte	16
 483 01c6 6A       		.byte	106
 484 01c7 30       		.byte	48
 485 01c8 6B       		.byte	107
 486 01c9 10       		.byte	16
 487 01ca 6D       		.byte	109
 488 01cb 10       		.byte	16
 489 01cc 6E       		.byte	110
 490 01cd 10       		.byte	16
 491 01ce 6F       		.byte	111
 492 01cf 12       		.byte	18
 493 01d0 88       		.byte	-120
 494 01d1 13       		.byte	19
 495 01d2 89       		.byte	-119
 496 01d3 01       		.byte	1
 497 01d4 8A       		.byte	-118
 498 01d5 04       		.byte	4
 499 01d6 90       		.byte	-112
 500 01d7 0A       		.byte	10
 501 01d8 92       		.byte	-110
 502 01d9 14       		.byte	20
 503 01da 94       		.byte	-108
 504 01db 13       		.byte	19
 505 01dc 96       		.byte	-106
 506 01dd 0C       		.byte	12
 507 01de 9E       		.byte	-98
 508 01df 08       		.byte	8
 509 01e0 A4       		.byte	-92
 510 01e1 03       		.byte	3
 511 01e2 A6       		.byte	-90
 512 01e3 14       		.byte	20
 513 01e4 AA       		.byte	-86
ARM GAS  C:\Users\KRISTE~1\AppData\Local\Temp\ccmH88Ho.s 			page 10


 514 01e5 15       		.byte	21
 515 01e6 B0       		.byte	-80
 516 01e7 10       		.byte	16
 517 01e8 B2       		.byte	-78
 518 01e9 0F       		.byte	15
 519 01ea B3       		.byte	-77
 520 01eb 01       		.byte	1
 521 01ec BA       		.byte	-70
 522 01ed 28       		.byte	40
 523 01ee BE       		.byte	-66
 524 01ef 01       		.byte	1
 525 01f0 BF       		.byte	-65
 526 01f1 04       		.byte	4
 527 01f2 C0       		.byte	-64
 528 01f3 26       		.byte	38
 529 01f4 C1       		.byte	-63
 530 01f5 03       		.byte	3
 531 01f6 C5       		.byte	-59
 532 01f7 0C       		.byte	12
 533 01f8 C6       		.byte	-58
 534 01f9 EB       		.byte	-21
 535 01fa C8       		.byte	-56
 536 01fb 0D       		.byte	13
 537 01fc C9       		.byte	-55
 538 01fd FF       		.byte	-1
 539 01fe CA       		.byte	-54
 540 01ff FF       		.byte	-1
 541 0200 CB       		.byte	-53
 542 0201 FF       		.byte	-1
 543 0202 CE       		.byte	-50
 544 0203 F0       		.byte	-16
 545 0204 CF       		.byte	-49
 546 0205 44       		.byte	68
 547 0206 D0       		.byte	-48
 548 0207 0C       		.byte	12
 549 0208 D4       		.byte	-44
 550 0209 01       		.byte	1
 551 020a D8       		.byte	-40
 552 020b 04       		.byte	4
 553 020c D9       		.byte	-39
 554 020d 04       		.byte	4
 555 020e DA       		.byte	-38
 556 020f 04       		.byte	4
 557 0210 DB       		.byte	-37
 558 0211 04       		.byte	4
 559 0212 DF       		.byte	-33
 560 0213 01       		.byte	1
 561 0214 E6       		.byte	-26
 562 0215 C0       		.byte	-64
 563 0216 EA       		.byte	-22
 564 0217 40       		.byte	64
 565 0218 EB       		.byte	-21
 566 0219 02       		.byte	2
 567 021a 03       		.byte	3
 568 021b 08       		.byte	8
 569 021c 04       		.byte	4
 570 021d 40       		.byte	64
ARM GAS  C:\Users\KRISTE~1\AppData\Local\Temp\ccmH88Ho.s 			page 11


 571 021e 07       		.byte	7
 572 021f 58       		.byte	88
 573 0220 08       		.byte	8
 574 0221 08       		.byte	8
 575 0222 0A       		.byte	10
 576 0223 92       		.byte	-110
 577 0224 0D       		.byte	13
 578 0225 02       		.byte	2
 579 0226 0F       		.byte	15
 580 0227 28       		.byte	40
 581 0228 10       		.byte	16
 582 0229 38       		.byte	56
 583 022a 15       		.byte	21
 584 022b 40       		.byte	64
 585 022c 17       		.byte	23
 586 022d 04       		.byte	4
 587 022e 19       		.byte	25
 588 022f 04       		.byte	4
 589 0230 1A       		.byte	26
 590 0231 50       		.byte	80
 591 0232 1B       		.byte	27
 592 0233 10       		.byte	16
 593 0234 1D       		.byte	29
 594 0235 02       		.byte	2
 595 0236 1E       		.byte	30
 596 0237 0A       		.byte	10
 597 0238 1F       		.byte	31
 598 0239 04       		.byte	4
 599 023a 22       		.byte	34
 600 023b 04       		.byte	4
 601 023c 26       		.byte	38
 602 023d 28       		.byte	40
 603 023e 27       		.byte	39
 604 023f 81       		.byte	-127
 605 0240 2A       		.byte	42
 606 0241 04       		.byte	4
 607 0242 2B       		.byte	43
 608 0243 20       		.byte	32
 609 0244 2F       		.byte	47
 610 0245 20       		.byte	32
 611 0246 36       		.byte	54
 612 0247 2B       		.byte	43
 613 0248 38       		.byte	56
 614 0249 20       		.byte	32
 615 024a 3D       		.byte	61
 616 024b 20       		.byte	32
 617 024c 3E       		.byte	62
 618 024d 04       		.byte	4
 619 024e 3F       		.byte	63
 620 024f 81       		.byte	-127
 621 0250 40       		.byte	64
 622 0251 08       		.byte	8
 623 0252 43       		.byte	67
 624 0253 08       		.byte	8
 625 0254 46       		.byte	70
 626 0255 84       		.byte	-124
 627 0256 47       		.byte	71
ARM GAS  C:\Users\KRISTE~1\AppData\Local\Temp\ccmH88Ho.s 			page 12


 628 0257 89       		.byte	-119
 629 0258 48       		.byte	72
 630 0259 28       		.byte	40
 631 025a 4E       		.byte	78
 632 025b 02       		.byte	2
 633 025c 4F       		.byte	79
 634 025d 29       		.byte	41
 635 025e 50       		.byte	80
 636 025f 90       		.byte	-112
 637 0260 53       		.byte	83
 638 0261 10       		.byte	16
 639 0262 58       		.byte	88
 640 0263 10       		.byte	16
 641 0264 5A       		.byte	90
 642 0265 48       		.byte	72
 643 0266 5B       		.byte	91
 644 0267 02       		.byte	2
 645 0268 5E       		.byte	94
 646 0269 08       		.byte	8
 647 026a 6D       		.byte	109
 648 026b 60       		.byte	96
 649 026c 6E       		.byte	110
 650 026d 04       		.byte	4
 651 026e 6F       		.byte	111
 652 026f 14       		.byte	20
 653 0270 75       		.byte	117
 654 0271 80       		.byte	-128
 655 0272 76       		.byte	118
 656 0273 28       		.byte	40
 657 0274 90       		.byte	-112
 658 0275 40       		.byte	64
 659 0276 92       		.byte	-110
 660 0277 82       		.byte	-126
 661 0278 96       		.byte	-106
 662 0279 10       		.byte	16
 663 027a 97       		.byte	-105
 664 027b 08       		.byte	8
 665 027c 9B       		.byte	-101
 666 027d 48       		.byte	72
 667 027e 9D       		.byte	-99
 668 027f 84       		.byte	-124
 669 0280 9E       		.byte	-98
 670 0281 A8       		.byte	-88
 671 0282 A0       		.byte	-96
 672 0283 08       		.byte	8
 673 0284 A3       		.byte	-93
 674 0285 68       		.byte	104
 675 0286 A4       		.byte	-92
 676 0287 80       		.byte	-128
 677 0288 A6       		.byte	-90
 678 0289 29       		.byte	41
 679 028a A7       		.byte	-89
 680 028b 10       		.byte	16
 681 028c AA       		.byte	-86
 682 028d 01       		.byte	1
 683 028e AB       		.byte	-85
 684 028f 40       		.byte	64
ARM GAS  C:\Users\KRISTE~1\AppData\Local\Temp\ccmH88Ho.s 			page 13


 685 0290 C0       		.byte	-64
 686 0291 F2       		.byte	-14
 687 0292 C2       		.byte	-62
 688 0293 7D       		.byte	125
 689 0294 C4       		.byte	-60
 690 0295 A6       		.byte	-90
 691 0296 CA       		.byte	-54
 692 0297 40       		.byte	64
 693 0298 CC       		.byte	-52
 694 0299 60       		.byte	96
 695 029a CE       		.byte	-50
 696 029b F4       		.byte	-12
 697 029c D0       		.byte	-48
 698 029d 76       		.byte	118
 699 029e D2       		.byte	-46
 700 029f 34       		.byte	52
 701 02a0 D6       		.byte	-42
 702 02a1 4F       		.byte	79
 703 02a2 B3       		.byte	-77
 704 02a3 12       		.byte	18
 705 02a4 0D       		.byte	13
 706 02a5 20       		.byte	32
 707 02a6 52       		.byte	82
 708 02a7 80       		.byte	-128
 709 02a8 8A       		.byte	-118
 710 02a9 80       		.byte	-128
 711 02aa C2       		.byte	-62
 712 02ab 80       		.byte	-128
 713 02ac D4       		.byte	-44
 714 02ad 20       		.byte	32
 715 02ae A9       		.byte	-87
 716 02af 20       		.byte	32
 717 02b0 E8       		.byte	-24
 718 02b1 20       		.byte	32
 719 02b2 00       		.byte	0
 720 02b3 01       		.byte	1
 721 02b4 08       		.byte	8
 722 02b5 01       		.byte	1
 723 02b6 00       		.byte	0
 724 02b7 00       		.byte	0
 725 02b8 00       		.byte	0
 726 02b9 DB       		.byte	-37
 727 02ba DB       		.byte	-37
 728 02bb 00       		.byte	0
 729 02bc 00       		.byte	0
 730 02bd 00       		.byte	0
 731 02be 00       		.byte	0
 732 02bf 00       		.byte	0
 733 02c0 00       		.byte	0
 734 02c1 1C       		.byte	28
 735 02c2 1C       		.byte	28
 736 02c3 00       		.byte	0
 737 02c4 00       		.byte	0
 738 02c5 00       		.byte	0
 739 02c6 00       		.byte	0
 740 02c7 00       		.byte	0
 741 02c8 08       		.byte	8
ARM GAS  C:\Users\KRISTE~1\AppData\Local\Temp\ccmH88Ho.s 			page 14


 742 02c9 00       		.byte	0
 743 02ca 80       		.byte	-128
 744 02cb 08       		.byte	8
 745 02cc 08       		.byte	8
 746 02cd 00       		.byte	0
 747 02ce 08       		.byte	8
 748 02cf 00       		.byte	0
 749 02d0 00       		.byte	0
 750 02d1 00       		.byte	0
 751 02d2 00       		.byte	0
 752 02d3 00       		.byte	0
 753 02d4 00       		.byte	0
 754 02d5 FD       		.byte	-3
 755 02d6 FD       		.byte	-3
 756 02d7 00       		.byte	0
 757 02d8 00       		.byte	0
 758 02d9 00       		.byte	0
 759 02da 00       		.byte	0
 760 02db 00       		.byte	0
 761              		.section	.cywolatch,"a",%progbits
 762              		.align	2
 763              		.type	cy_meta_wonvl, %object
 764              		.size	cy_meta_wonvl, 4
 765              	cy_meta_wonvl:
 766 0000 BC       		.byte	-68
 767 0001 90       		.byte	-112
 768 0002 AC       		.byte	-84
 769 0003 AF       		.byte	-81
 770              		.section	.cycustnvl,"a",%progbits
 771              		.align	2
 772              		.type	cy_meta_custnvl, %object
 773              		.size	cy_meta_custnvl, 4
 774              	cy_meta_custnvl:
 775 0000 00       		.byte	0
 776 0001 00       		.byte	0
 777 0002 40       		.byte	64
 778 0003 05       		.byte	5
 779              		.section	.cymeta,"a",%progbits
 780              		.align	2
 781              		.type	cy_metadata, %object
 782              		.size	cy_metadata, 12
 783              	cy_metadata:
 784 0000 00       		.byte	0
 785 0001 01       		.byte	1
 786 0002 2E       		.byte	46
 787 0003 12       		.byte	18
 788 0004 30       		.byte	48
 789 0005 69       		.byte	105
 790 0006 00       		.byte	0
 791 0007 01       		.byte	1
 792 0008 00       		.byte	0
 793 0009 00       		.byte	0
 794 000a 00       		.byte	0
 795 000b 00       		.byte	0
 796              		.section	.cyflashprotect,"a",%progbits
 797              		.align	2
 798              		.type	cy_meta_flashprotect, %object
ARM GAS  C:\Users\KRISTE~1\AppData\Local\Temp\ccmH88Ho.s 			page 15


 799              		.size	cy_meta_flashprotect, 256
 800              	cy_meta_flashprotect:
 801 0000 00000000 		.space	256
 801      00000000 
 801      00000000 
 801      00000000 
 801      00000000 
 802              		.text
 803              	.Letext0:
 804              		.file 1 "c:\\program files (x86)\\cypress\\psoc creator\\4.4\\psoc creator\\import\\gnu\\arm\\5.4.
 805              		.file 2 "c:\\program files (x86)\\cypress\\psoc creator\\4.4\\psoc creator\\import\\gnu\\arm\\5.4.
 806              		.file 3 "Generated_Source\\PSoC5\\cymetadata.c"
 807              		.section	.debug_info,"",%progbits
 808              	.Ldebug_info0:
 809 0000 31010000 		.4byte	0x131
 810 0004 0400     		.2byte	0x4
 811 0006 00000000 		.4byte	.Ldebug_abbrev0
 812 000a 04       		.byte	0x4
 813 000b 01       		.uleb128 0x1
 814 000c 24000000 		.4byte	.LASF17
 815 0010 0C       		.byte	0xc
 816 0011 C2010000 		.4byte	.LASF18
 817 0015 D7000000 		.4byte	.LASF19
 818 0019 00000000 		.4byte	.Ldebug_line0
 819 001d 02       		.uleb128 0x2
 820 001e 01       		.byte	0x1
 821 001f 06       		.byte	0x6
 822 0020 B6010000 		.4byte	.LASF0
 823 0024 03       		.uleb128 0x3
 824 0025 00000000 		.4byte	.LASF9
 825 0029 01       		.byte	0x1
 826 002a 1D       		.byte	0x1d
 827 002b 2F000000 		.4byte	0x2f
 828 002f 02       		.uleb128 0x2
 829 0030 01       		.byte	0x1
 830 0031 08       		.byte	0x8
 831 0032 16000000 		.4byte	.LASF1
 832 0036 02       		.uleb128 0x2
 833 0037 02       		.byte	0x2
 834 0038 05       		.byte	0x5
 835 0039 A3010000 		.4byte	.LASF2
 836 003d 02       		.uleb128 0x2
 837 003e 02       		.byte	0x2
 838 003f 07       		.byte	0x7
 839 0040 C4000000 		.4byte	.LASF3
 840 0044 02       		.uleb128 0x2
 841 0045 04       		.byte	0x4
 842 0046 05       		.byte	0x5
 843 0047 AD010000 		.4byte	.LASF4
 844 004b 02       		.uleb128 0x2
 845 004c 04       		.byte	0x4
 846 004d 07       		.byte	0x7
 847 004e B2000000 		.4byte	.LASF5
 848 0052 02       		.uleb128 0x2
 849 0053 08       		.byte	0x8
 850 0054 05       		.byte	0x5
 851 0055 95010000 		.4byte	.LASF6
ARM GAS  C:\Users\KRISTE~1\AppData\Local\Temp\ccmH88Ho.s 			page 16


 852 0059 02       		.uleb128 0x2
 853 005a 08       		.byte	0x8
 854 005b 07       		.byte	0x7
 855 005c 4A010000 		.4byte	.LASF7
 856 0060 04       		.uleb128 0x4
 857 0061 04       		.byte	0x4
 858 0062 05       		.byte	0x5
 859 0063 696E7400 		.ascii	"int\000"
 860 0067 02       		.uleb128 0x2
 861 0068 04       		.byte	0x4
 862 0069 07       		.byte	0x7
 863 006a 3D010000 		.4byte	.LASF8
 864 006e 03       		.uleb128 0x3
 865 006f 61010000 		.4byte	.LASF10
 866 0073 02       		.byte	0x2
 867 0074 18       		.byte	0x18
 868 0075 24000000 		.4byte	0x24
 869 0079 05       		.uleb128 0x5
 870 007a 91000000 		.4byte	0x91
 871 007e 8A000000 		.4byte	0x8a
 872 0082 06       		.uleb128 0x6
 873 0083 8A000000 		.4byte	0x8a
 874 0087 DB02     		.2byte	0x2db
 875 0089 00       		.byte	0
 876 008a 02       		.uleb128 0x2
 877 008b 04       		.byte	0x4
 878 008c 07       		.byte	0x7
 879 008d 8C010000 		.4byte	.LASF11
 880 0091 07       		.uleb128 0x7
 881 0092 6E000000 		.4byte	0x6e
 882 0096 08       		.uleb128 0x8
 883 0097 2B010000 		.4byte	.LASF12
 884 009b 03       		.byte	0x3
 885 009c 1F       		.byte	0x1f
 886 009d A7000000 		.4byte	0xa7
 887 00a1 05       		.uleb128 0x5
 888 00a2 03       		.byte	0x3
 889 00a3 00000000 		.4byte	cy_meta_configecc
 890 00a7 07       		.uleb128 0x7
 891 00a8 79000000 		.4byte	0x79
 892 00ac 05       		.uleb128 0x5
 893 00ad 91000000 		.4byte	0x91
 894 00b1 BC000000 		.4byte	0xbc
 895 00b5 09       		.uleb128 0x9
 896 00b6 8A000000 		.4byte	0x8a
 897 00ba 03       		.byte	0x3
 898 00bb 00       		.byte	0
 899 00bc 08       		.uleb128 0x8
 900 00bd 1B010000 		.4byte	.LASF13
 901 00c1 03       		.byte	0x3
 902 00c2 88       		.byte	0x88
 903 00c3 CD000000 		.4byte	0xcd
 904 00c7 05       		.uleb128 0x5
 905 00c8 03       		.byte	0x3
 906 00c9 00000000 		.4byte	cy_meta_custnvl
 907 00cd 07       		.uleb128 0x7
 908 00ce AC000000 		.4byte	0xac
ARM GAS  C:\Users\KRISTE~1\AppData\Local\Temp\ccmH88Ho.s 			page 17


 909 00d2 08       		.uleb128 0x8
 910 00d3 7E010000 		.4byte	.LASF14
 911 00d7 03       		.byte	0x3
 912 00d8 96       		.byte	0x96
 913 00d9 E3000000 		.4byte	0xe3
 914 00dd 05       		.uleb128 0x5
 915 00de 03       		.byte	0x3
 916 00df 00000000 		.4byte	cy_meta_wonvl
 917 00e3 07       		.uleb128 0x7
 918 00e4 AC000000 		.4byte	0xac
 919 00e8 05       		.uleb128 0x5
 920 00e9 91000000 		.4byte	0x91
 921 00ed F8000000 		.4byte	0xf8
 922 00f1 09       		.uleb128 0x9
 923 00f2 8A000000 		.4byte	0x8a
 924 00f6 FF       		.byte	0xff
 925 00f7 00       		.byte	0
 926 00f8 08       		.uleb128 0x8
 927 00f9 69010000 		.4byte	.LASF15
 928 00fd 03       		.byte	0x3
 929 00fe A4       		.byte	0xa4
 930 00ff 09010000 		.4byte	0x109
 931 0103 05       		.uleb128 0x5
 932 0104 03       		.byte	0x3
 933 0105 00000000 		.4byte	cy_meta_flashprotect
 934 0109 07       		.uleb128 0x7
 935 010a E8000000 		.4byte	0xe8
 936 010e 05       		.uleb128 0x5
 937 010f 91000000 		.4byte	0x91
 938 0113 1E010000 		.4byte	0x11e
 939 0117 09       		.uleb128 0x9
 940 0118 8A000000 		.4byte	0x8a
 941 011c 0B       		.byte	0xb
 942 011d 00       		.byte	0
 943 011e 08       		.uleb128 0x8
 944 011f 0A000000 		.4byte	.LASF16
 945 0123 03       		.byte	0x3
 946 0124 D1       		.byte	0xd1
 947 0125 2F010000 		.4byte	0x12f
 948 0129 05       		.uleb128 0x5
 949 012a 03       		.byte	0x3
 950 012b 00000000 		.4byte	cy_metadata
 951 012f 07       		.uleb128 0x7
 952 0130 0E010000 		.4byte	0x10e
 953 0134 00       		.byte	0
 954              		.section	.debug_abbrev,"",%progbits
 955              	.Ldebug_abbrev0:
 956 0000 01       		.uleb128 0x1
 957 0001 11       		.uleb128 0x11
 958 0002 01       		.byte	0x1
 959 0003 25       		.uleb128 0x25
 960 0004 0E       		.uleb128 0xe
 961 0005 13       		.uleb128 0x13
 962 0006 0B       		.uleb128 0xb
 963 0007 03       		.uleb128 0x3
 964 0008 0E       		.uleb128 0xe
 965 0009 1B       		.uleb128 0x1b
ARM GAS  C:\Users\KRISTE~1\AppData\Local\Temp\ccmH88Ho.s 			page 18


 966 000a 0E       		.uleb128 0xe
 967 000b 10       		.uleb128 0x10
 968 000c 17       		.uleb128 0x17
 969 000d 00       		.byte	0
 970 000e 00       		.byte	0
 971 000f 02       		.uleb128 0x2
 972 0010 24       		.uleb128 0x24
 973 0011 00       		.byte	0
 974 0012 0B       		.uleb128 0xb
 975 0013 0B       		.uleb128 0xb
 976 0014 3E       		.uleb128 0x3e
 977 0015 0B       		.uleb128 0xb
 978 0016 03       		.uleb128 0x3
 979 0017 0E       		.uleb128 0xe
 980 0018 00       		.byte	0
 981 0019 00       		.byte	0
 982 001a 03       		.uleb128 0x3
 983 001b 16       		.uleb128 0x16
 984 001c 00       		.byte	0
 985 001d 03       		.uleb128 0x3
 986 001e 0E       		.uleb128 0xe
 987 001f 3A       		.uleb128 0x3a
 988 0020 0B       		.uleb128 0xb
 989 0021 3B       		.uleb128 0x3b
 990 0022 0B       		.uleb128 0xb
 991 0023 49       		.uleb128 0x49
 992 0024 13       		.uleb128 0x13
 993 0025 00       		.byte	0
 994 0026 00       		.byte	0
 995 0027 04       		.uleb128 0x4
 996 0028 24       		.uleb128 0x24
 997 0029 00       		.byte	0
 998 002a 0B       		.uleb128 0xb
 999 002b 0B       		.uleb128 0xb
 1000 002c 3E       		.uleb128 0x3e
 1001 002d 0B       		.uleb128 0xb
 1002 002e 03       		.uleb128 0x3
 1003 002f 08       		.uleb128 0x8
 1004 0030 00       		.byte	0
 1005 0031 00       		.byte	0
 1006 0032 05       		.uleb128 0x5
 1007 0033 01       		.uleb128 0x1
 1008 0034 01       		.byte	0x1
 1009 0035 49       		.uleb128 0x49
 1010 0036 13       		.uleb128 0x13
 1011 0037 01       		.uleb128 0x1
 1012 0038 13       		.uleb128 0x13
 1013 0039 00       		.byte	0
 1014 003a 00       		.byte	0
 1015 003b 06       		.uleb128 0x6
 1016 003c 21       		.uleb128 0x21
 1017 003d 00       		.byte	0
 1018 003e 49       		.uleb128 0x49
 1019 003f 13       		.uleb128 0x13
 1020 0040 2F       		.uleb128 0x2f
 1021 0041 05       		.uleb128 0x5
 1022 0042 00       		.byte	0
ARM GAS  C:\Users\KRISTE~1\AppData\Local\Temp\ccmH88Ho.s 			page 19


 1023 0043 00       		.byte	0
 1024 0044 07       		.uleb128 0x7
 1025 0045 26       		.uleb128 0x26
 1026 0046 00       		.byte	0
 1027 0047 49       		.uleb128 0x49
 1028 0048 13       		.uleb128 0x13
 1029 0049 00       		.byte	0
 1030 004a 00       		.byte	0
 1031 004b 08       		.uleb128 0x8
 1032 004c 34       		.uleb128 0x34
 1033 004d 00       		.byte	0
 1034 004e 03       		.uleb128 0x3
 1035 004f 0E       		.uleb128 0xe
 1036 0050 3A       		.uleb128 0x3a
 1037 0051 0B       		.uleb128 0xb
 1038 0052 3B       		.uleb128 0x3b
 1039 0053 0B       		.uleb128 0xb
 1040 0054 49       		.uleb128 0x49
 1041 0055 13       		.uleb128 0x13
 1042 0056 3F       		.uleb128 0x3f
 1043 0057 19       		.uleb128 0x19
 1044 0058 02       		.uleb128 0x2
 1045 0059 18       		.uleb128 0x18
 1046 005a 00       		.byte	0
 1047 005b 00       		.byte	0
 1048 005c 09       		.uleb128 0x9
 1049 005d 21       		.uleb128 0x21
 1050 005e 00       		.byte	0
 1051 005f 49       		.uleb128 0x49
 1052 0060 13       		.uleb128 0x13
 1053 0061 2F       		.uleb128 0x2f
 1054 0062 0B       		.uleb128 0xb
 1055 0063 00       		.byte	0
 1056 0064 00       		.byte	0
 1057 0065 00       		.byte	0
 1058              		.section	.debug_aranges,"",%progbits
 1059 0000 14000000 		.4byte	0x14
 1060 0004 0200     		.2byte	0x2
 1061 0006 00000000 		.4byte	.Ldebug_info0
 1062 000a 04       		.byte	0x4
 1063 000b 00       		.byte	0
 1064 000c 0000     		.2byte	0
 1065 000e 0000     		.2byte	0
 1066 0010 00000000 		.4byte	0
 1067 0014 00000000 		.4byte	0
 1068              		.section	.debug_line,"",%progbits
 1069              	.Ldebug_line0:
 1070 0000 3D010000 		.section	.debug_str,"MS",%progbits,1
 1070      02003701 
 1070      00000201 
 1070      FB0E0D00 
 1070      01010101 
 1071              	.LASF9:
 1072 0000 5F5F7569 		.ascii	"__uint8_t\000"
 1072      6E74385F 
 1072      7400
 1073              	.LASF16:
ARM GAS  C:\Users\KRISTE~1\AppData\Local\Temp\ccmH88Ho.s 			page 20


 1074 000a 63795F6D 		.ascii	"cy_metadata\000"
 1074      65746164 
 1074      61746100 
 1075              	.LASF1:
 1076 0016 756E7369 		.ascii	"unsigned char\000"
 1076      676E6564 
 1076      20636861 
 1076      7200
 1077              	.LASF17:
 1078 0024 474E5520 		.ascii	"GNU C11 5.4.1 20160609 (release) [ARM/embedded-5-br"
 1078      43313120 
 1078      352E342E 
 1078      31203230 
 1078      31363036 
 1079 0057 616E6368 		.ascii	"anch revision 237715] -mcpu=cortex-m3 -mthumb -g -O"
 1079      20726576 
 1079      6973696F 
 1079      6E203233 
 1079      37373135 
 1080 008a 67202D66 		.ascii	"g -ffunction-sections -ffat-lto-objects\000"
 1080      66756E63 
 1080      74696F6E 
 1080      2D736563 
 1080      74696F6E 
 1081              	.LASF5:
 1082 00b2 6C6F6E67 		.ascii	"long unsigned int\000"
 1082      20756E73 
 1082      69676E65 
 1082      6420696E 
 1082      7400
 1083              	.LASF3:
 1084 00c4 73686F72 		.ascii	"short unsigned int\000"
 1084      7420756E 
 1084      7369676E 
 1084      65642069 
 1084      6E7400
 1085              	.LASF19:
 1086 00d7 433A5C55 		.ascii	"C:\\Users\\Kristella Lieu\\Desktop\\SeniorProject\\"
 1086      73657273 
 1086      5C4B7269 
 1086      7374656C 
 1086      6C61204C 
 1087 0105 4578616D 		.ascii	"Example\\Example.cydsn\000"
 1087      706C655C 
 1087      4578616D 
 1087      706C652E 
 1087      63796473 
 1088              	.LASF13:
 1089 011b 63795F6D 		.ascii	"cy_meta_custnvl\000"
 1089      6574615F 
 1089      63757374 
 1089      6E766C00 
 1090              	.LASF12:
 1091 012b 63795F6D 		.ascii	"cy_meta_configecc\000"
 1091      6574615F 
 1091      636F6E66 
 1091      69676563 
ARM GAS  C:\Users\KRISTE~1\AppData\Local\Temp\ccmH88Ho.s 			page 21


 1091      6300
 1092              	.LASF8:
 1093 013d 756E7369 		.ascii	"unsigned int\000"
 1093      676E6564 
 1093      20696E74 
 1093      00
 1094              	.LASF7:
 1095 014a 6C6F6E67 		.ascii	"long long unsigned int\000"
 1095      206C6F6E 
 1095      6720756E 
 1095      7369676E 
 1095      65642069 
 1096              	.LASF10:
 1097 0161 75696E74 		.ascii	"uint8_t\000"
 1097      385F7400 
 1098              	.LASF15:
 1099 0169 63795F6D 		.ascii	"cy_meta_flashprotect\000"
 1099      6574615F 
 1099      666C6173 
 1099      6870726F 
 1099      74656374 
 1100              	.LASF14:
 1101 017e 63795F6D 		.ascii	"cy_meta_wonvl\000"
 1101      6574615F 
 1101      776F6E76 
 1101      6C00
 1102              	.LASF11:
 1103 018c 73697A65 		.ascii	"sizetype\000"
 1103      74797065 
 1103      00
 1104              	.LASF6:
 1105 0195 6C6F6E67 		.ascii	"long long int\000"
 1105      206C6F6E 
 1105      6720696E 
 1105      7400
 1106              	.LASF2:
 1107 01a3 73686F72 		.ascii	"short int\000"
 1107      7420696E 
 1107      7400
 1108              	.LASF4:
 1109 01ad 6C6F6E67 		.ascii	"long int\000"
 1109      20696E74 
 1109      00
 1110              	.LASF0:
 1111 01b6 7369676E 		.ascii	"signed char\000"
 1111      65642063 
 1111      68617200 
 1112              	.LASF18:
 1113 01c2 47656E65 		.ascii	"Generated_Source\\PSoC5\\cymetadata.c\000"
 1113      72617465 
 1113      645F536F 
 1113      75726365 
 1113      5C50536F 
 1114              		.ident	"GCC: (GNU Tools for ARM Embedded Processors) 5.4.1 20160609 (release) [ARM/embedded-5-bran
