ARM GAS  C:\Users\KRISTE~1\AppData\Local\Temp\ccwh2jqh.s 			page 1


   1              		.syntax unified
   2              		.cpu cortex-m3
   3              		.fpu softvfp
   4              		.eabi_attribute 20, 1
   5              		.eabi_attribute 21, 1
   6              		.eabi_attribute 23, 3
   7              		.eabi_attribute 24, 1
   8              		.eabi_attribute 25, 1
   9              		.eabi_attribute 26, 1
  10              		.eabi_attribute 30, 1
  11              		.eabi_attribute 34, 1
  12              		.eabi_attribute 18, 4
  13              		.thumb
  14              		.syntax unified
  15              		.file	"letters.c"
  16              		.text
  17              	.Ltext0:
  18              		.cfi_sections	.debug_frame
  19              		.global	T
  20              		.global	H
  21              		.global	G
  22              		.global	F
  23              		.global	E
  24              		.global	D
  25              		.global	C
  26              		.global	B
  27              		.global	A
  28              		.data
  29              		.align	2
  30              		.type	T, %object
  31              		.size	T, 660
  32              	T:
  33 0000 01000000 		.word	1
  34 0004 01000000 		.word	1
  35 0008 01000000 		.word	1
  36 000c 01000000 		.word	1
  37 0010 01000000 		.word	1
  38 0014 01000000 		.word	1
  39 0018 01000000 		.word	1
  40 001c 01000000 		.word	1
  41 0020 01000000 		.word	1
  42 0024 01000000 		.word	1
  43 0028 00000000 		.word	0
  44 002c 01000000 		.word	1
  45 0030 01000000 		.word	1
  46 0034 01000000 		.word	1
  47 0038 01000000 		.word	1
  48 003c 01000000 		.word	1
  49 0040 01000000 		.word	1
  50 0044 01000000 		.word	1
  51 0048 01000000 		.word	1
  52 004c 01000000 		.word	1
  53 0050 01000000 		.word	1
  54 0054 00000000 		.word	0
  55 0058 00000000 		.word	0
  56 005c 00000000 		.word	0
  57 0060 00000000 		.word	0
ARM GAS  C:\Users\KRISTE~1\AppData\Local\Temp\ccwh2jqh.s 			page 2


  58 0064 00000000 		.word	0
  59 0068 01000000 		.word	1
  60 006c 01000000 		.word	1
  61 0070 00000000 		.word	0
  62 0074 00000000 		.word	0
  63 0078 00000000 		.word	0
  64 007c 00000000 		.word	0
  65 0080 00000000 		.word	0
  66 0084 00000000 		.word	0
  67 0088 00000000 		.word	0
  68 008c 00000000 		.word	0
  69 0090 00000000 		.word	0
  70 0094 01000000 		.word	1
  71 0098 01000000 		.word	1
  72 009c 00000000 		.word	0
  73 00a0 00000000 		.word	0
  74 00a4 00000000 		.word	0
  75 00a8 00000000 		.word	0
  76 00ac 00000000 		.word	0
  77 00b0 00000000 		.word	0
  78 00b4 00000000 		.word	0
  79 00b8 00000000 		.word	0
  80 00bc 00000000 		.word	0
  81 00c0 01000000 		.word	1
  82 00c4 01000000 		.word	1
  83 00c8 00000000 		.word	0
  84 00cc 00000000 		.word	0
  85 00d0 00000000 		.word	0
  86 00d4 00000000 		.word	0
  87 00d8 00000000 		.word	0
  88 00dc 00000000 		.word	0
  89 00e0 00000000 		.word	0
  90 00e4 00000000 		.word	0
  91 00e8 00000000 		.word	0
  92 00ec 01000000 		.word	1
  93 00f0 01000000 		.word	1
  94 00f4 00000000 		.word	0
  95 00f8 00000000 		.word	0
  96 00fc 00000000 		.word	0
  97 0100 00000000 		.word	0
  98 0104 00000000 		.word	0
  99 0108 00000000 		.word	0
 100 010c 00000000 		.word	0
 101 0110 00000000 		.word	0
 102 0114 00000000 		.word	0
 103 0118 01000000 		.word	1
 104 011c 01000000 		.word	1
 105 0120 00000000 		.word	0
 106 0124 00000000 		.word	0
 107 0128 00000000 		.word	0
 108 012c 00000000 		.word	0
 109 0130 00000000 		.word	0
 110 0134 00000000 		.word	0
 111 0138 00000000 		.word	0
 112 013c 00000000 		.word	0
 113 0140 00000000 		.word	0
 114 0144 01000000 		.word	1
ARM GAS  C:\Users\KRISTE~1\AppData\Local\Temp\ccwh2jqh.s 			page 3


 115 0148 01000000 		.word	1
 116 014c 00000000 		.word	0
 117 0150 00000000 		.word	0
 118 0154 00000000 		.word	0
 119 0158 00000000 		.word	0
 120 015c 00000000 		.word	0
 121 0160 00000000 		.word	0
 122 0164 00000000 		.word	0
 123 0168 00000000 		.word	0
 124 016c 00000000 		.word	0
 125 0170 01000000 		.word	1
 126 0174 01000000 		.word	1
 127 0178 00000000 		.word	0
 128 017c 00000000 		.word	0
 129 0180 00000000 		.word	0
 130 0184 00000000 		.word	0
 131 0188 00000000 		.word	0
 132 018c 00000000 		.word	0
 133 0190 00000000 		.word	0
 134 0194 00000000 		.word	0
 135 0198 00000000 		.word	0
 136 019c 01000000 		.word	1
 137 01a0 01000000 		.word	1
 138 01a4 00000000 		.word	0
 139 01a8 00000000 		.word	0
 140 01ac 00000000 		.word	0
 141 01b0 00000000 		.word	0
 142 01b4 00000000 		.word	0
 143 01b8 00000000 		.word	0
 144 01bc 00000000 		.word	0
 145 01c0 00000000 		.word	0
 146 01c4 00000000 		.word	0
 147 01c8 01000000 		.word	1
 148 01cc 01000000 		.word	1
 149 01d0 00000000 		.word	0
 150 01d4 00000000 		.word	0
 151 01d8 00000000 		.word	0
 152 01dc 00000000 		.word	0
 153 01e0 00000000 		.word	0
 154 01e4 00000000 		.word	0
 155 01e8 00000000 		.word	0
 156 01ec 00000000 		.word	0
 157 01f0 00000000 		.word	0
 158 01f4 01000000 		.word	1
 159 01f8 01000000 		.word	1
 160 01fc 00000000 		.word	0
 161 0200 00000000 		.word	0
 162 0204 00000000 		.word	0
 163 0208 00000000 		.word	0
 164 020c 00000000 		.word	0
 165 0210 00000000 		.word	0
 166 0214 00000000 		.word	0
 167 0218 00000000 		.word	0
 168 021c 00000000 		.word	0
 169 0220 01000000 		.word	1
 170 0224 01000000 		.word	1
 171 0228 00000000 		.word	0
ARM GAS  C:\Users\KRISTE~1\AppData\Local\Temp\ccwh2jqh.s 			page 4


 172 022c 00000000 		.word	0
 173 0230 00000000 		.word	0
 174 0234 00000000 		.word	0
 175 0238 00000000 		.word	0
 176 023c 00000000 		.word	0
 177 0240 00000000 		.word	0
 178 0244 00000000 		.word	0
 179 0248 00000000 		.word	0
 180 024c 01000000 		.word	1
 181 0250 01000000 		.word	1
 182 0254 00000000 		.word	0
 183 0258 00000000 		.word	0
 184 025c 00000000 		.word	0
 185 0260 00000000 		.word	0
 186 0264 00000000 		.word	0
 187 0268 00000000 		.word	0
 188 026c 00000000 		.word	0
 189 0270 00000000 		.word	0
 190 0274 00000000 		.word	0
 191 0278 01000000 		.word	1
 192 027c 01000000 		.word	1
 193 0280 00000000 		.word	0
 194 0284 00000000 		.word	0
 195 0288 00000000 		.word	0
 196 028c 00000000 		.word	0
 197 0290 00000000 		.word	0
 198              		.type	H, %object
 199              		.size	H, 660
 200              	H:
 201 0294 01000000 		.word	1
 202 0298 01000000 		.word	1
 203 029c 00000000 		.word	0
 204 02a0 00000000 		.word	0
 205 02a4 00000000 		.word	0
 206 02a8 00000000 		.word	0
 207 02ac 00000000 		.word	0
 208 02b0 00000000 		.word	0
 209 02b4 01000000 		.word	1
 210 02b8 01000000 		.word	1
 211 02bc 00000000 		.word	0
 212 02c0 01000000 		.word	1
 213 02c4 01000000 		.word	1
 214 02c8 00000000 		.word	0
 215 02cc 00000000 		.word	0
 216 02d0 00000000 		.word	0
 217 02d4 00000000 		.word	0
 218 02d8 00000000 		.word	0
 219 02dc 00000000 		.word	0
 220 02e0 01000000 		.word	1
 221 02e4 01000000 		.word	1
 222 02e8 00000000 		.word	0
 223 02ec 01000000 		.word	1
 224 02f0 01000000 		.word	1
 225 02f4 00000000 		.word	0
 226 02f8 00000000 		.word	0
 227 02fc 00000000 		.word	0
 228 0300 00000000 		.word	0
ARM GAS  C:\Users\KRISTE~1\AppData\Local\Temp\ccwh2jqh.s 			page 5


 229 0304 00000000 		.word	0
 230 0308 00000000 		.word	0
 231 030c 01000000 		.word	1
 232 0310 01000000 		.word	1
 233 0314 00000000 		.word	0
 234 0318 01000000 		.word	1
 235 031c 01000000 		.word	1
 236 0320 00000000 		.word	0
 237 0324 00000000 		.word	0
 238 0328 00000000 		.word	0
 239 032c 00000000 		.word	0
 240 0330 00000000 		.word	0
 241 0334 00000000 		.word	0
 242 0338 01000000 		.word	1
 243 033c 01000000 		.word	1
 244 0340 00000000 		.word	0
 245 0344 01000000 		.word	1
 246 0348 01000000 		.word	1
 247 034c 00000000 		.word	0
 248 0350 00000000 		.word	0
 249 0354 00000000 		.word	0
 250 0358 00000000 		.word	0
 251 035c 00000000 		.word	0
 252 0360 00000000 		.word	0
 253 0364 01000000 		.word	1
 254 0368 01000000 		.word	1
 255 036c 00000000 		.word	0
 256 0370 01000000 		.word	1
 257 0374 01000000 		.word	1
 258 0378 00000000 		.word	0
 259 037c 00000000 		.word	0
 260 0380 00000000 		.word	0
 261 0384 00000000 		.word	0
 262 0388 00000000 		.word	0
 263 038c 00000000 		.word	0
 264 0390 01000000 		.word	1
 265 0394 01000000 		.word	1
 266 0398 00000000 		.word	0
 267 039c 01000000 		.word	1
 268 03a0 01000000 		.word	1
 269 03a4 01000000 		.word	1
 270 03a8 01000000 		.word	1
 271 03ac 01000000 		.word	1
 272 03b0 01000000 		.word	1
 273 03b4 01000000 		.word	1
 274 03b8 01000000 		.word	1
 275 03bc 01000000 		.word	1
 276 03c0 01000000 		.word	1
 277 03c4 00000000 		.word	0
 278 03c8 01000000 		.word	1
 279 03cc 01000000 		.word	1
 280 03d0 01000000 		.word	1
 281 03d4 01000000 		.word	1
 282 03d8 01000000 		.word	1
 283 03dc 01000000 		.word	1
 284 03e0 01000000 		.word	1
 285 03e4 01000000 		.word	1
ARM GAS  C:\Users\KRISTE~1\AppData\Local\Temp\ccwh2jqh.s 			page 6


 286 03e8 01000000 		.word	1
 287 03ec 01000000 		.word	1
 288 03f0 00000000 		.word	0
 289 03f4 01000000 		.word	1
 290 03f8 01000000 		.word	1
 291 03fc 00000000 		.word	0
 292 0400 00000000 		.word	0
 293 0404 00000000 		.word	0
 294 0408 00000000 		.word	0
 295 040c 00000000 		.word	0
 296 0410 00000000 		.word	0
 297 0414 01000000 		.word	1
 298 0418 01000000 		.word	1
 299 041c 00000000 		.word	0
 300 0420 01000000 		.word	1
 301 0424 01000000 		.word	1
 302 0428 00000000 		.word	0
 303 042c 00000000 		.word	0
 304 0430 00000000 		.word	0
 305 0434 00000000 		.word	0
 306 0438 00000000 		.word	0
 307 043c 00000000 		.word	0
 308 0440 01000000 		.word	1
 309 0444 01000000 		.word	1
 310 0448 00000000 		.word	0
 311 044c 01000000 		.word	1
 312 0450 01000000 		.word	1
 313 0454 00000000 		.word	0
 314 0458 00000000 		.word	0
 315 045c 00000000 		.word	0
 316 0460 00000000 		.word	0
 317 0464 00000000 		.word	0
 318 0468 00000000 		.word	0
 319 046c 01000000 		.word	1
 320 0470 01000000 		.word	1
 321 0474 00000000 		.word	0
 322 0478 01000000 		.word	1
 323 047c 01000000 		.word	1
 324 0480 00000000 		.word	0
 325 0484 00000000 		.word	0
 326 0488 00000000 		.word	0
 327 048c 00000000 		.word	0
 328 0490 00000000 		.word	0
 329 0494 00000000 		.word	0
 330 0498 01000000 		.word	1
 331 049c 01000000 		.word	1
 332 04a0 00000000 		.word	0
 333 04a4 01000000 		.word	1
 334 04a8 01000000 		.word	1
 335 04ac 00000000 		.word	0
 336 04b0 00000000 		.word	0
 337 04b4 00000000 		.word	0
 338 04b8 00000000 		.word	0
 339 04bc 00000000 		.word	0
 340 04c0 00000000 		.word	0
 341 04c4 01000000 		.word	1
 342 04c8 01000000 		.word	1
ARM GAS  C:\Users\KRISTE~1\AppData\Local\Temp\ccwh2jqh.s 			page 7


 343 04cc 00000000 		.word	0
 344 04d0 01000000 		.word	1
 345 04d4 01000000 		.word	1
 346 04d8 00000000 		.word	0
 347 04dc 00000000 		.word	0
 348 04e0 00000000 		.word	0
 349 04e4 00000000 		.word	0
 350 04e8 00000000 		.word	0
 351 04ec 00000000 		.word	0
 352 04f0 01000000 		.word	1
 353 04f4 01000000 		.word	1
 354 04f8 00000000 		.word	0
 355 04fc 01000000 		.word	1
 356 0500 01000000 		.word	1
 357 0504 00000000 		.word	0
 358 0508 00000000 		.word	0
 359 050c 00000000 		.word	0
 360 0510 00000000 		.word	0
 361 0514 00000000 		.word	0
 362 0518 00000000 		.word	0
 363 051c 01000000 		.word	1
 364 0520 01000000 		.word	1
 365 0524 00000000 		.word	0
 366              		.type	G, %object
 367              		.size	G, 660
 368              	G:
 369 0528 00000000 		.word	0
 370 052c 00000000 		.word	0
 371 0530 01000000 		.word	1
 372 0534 01000000 		.word	1
 373 0538 01000000 		.word	1
 374 053c 01000000 		.word	1
 375 0540 01000000 		.word	1
 376 0544 01000000 		.word	1
 377 0548 01000000 		.word	1
 378 054c 00000000 		.word	0
 379 0550 00000000 		.word	0
 380 0554 00000000 		.word	0
 381 0558 01000000 		.word	1
 382 055c 01000000 		.word	1
 383 0560 01000000 		.word	1
 384 0564 01000000 		.word	1
 385 0568 01000000 		.word	1
 386 056c 01000000 		.word	1
 387 0570 01000000 		.word	1
 388 0574 01000000 		.word	1
 389 0578 01000000 		.word	1
 390 057c 00000000 		.word	0
 391 0580 01000000 		.word	1
 392 0584 01000000 		.word	1
 393 0588 01000000 		.word	1
 394 058c 00000000 		.word	0
 395 0590 00000000 		.word	0
 396 0594 00000000 		.word	0
 397 0598 00000000 		.word	0
 398 059c 00000000 		.word	0
 399 05a0 01000000 		.word	1
ARM GAS  C:\Users\KRISTE~1\AppData\Local\Temp\ccwh2jqh.s 			page 8


 400 05a4 01000000 		.word	1
 401 05a8 00000000 		.word	0
 402 05ac 01000000 		.word	1
 403 05b0 01000000 		.word	1
 404 05b4 00000000 		.word	0
 405 05b8 00000000 		.word	0
 406 05bc 00000000 		.word	0
 407 05c0 00000000 		.word	0
 408 05c4 00000000 		.word	0
 409 05c8 00000000 		.word	0
 410 05cc 01000000 		.word	1
 411 05d0 01000000 		.word	1
 412 05d4 00000000 		.word	0
 413 05d8 01000000 		.word	1
 414 05dc 01000000 		.word	1
 415 05e0 00000000 		.word	0
 416 05e4 00000000 		.word	0
 417 05e8 00000000 		.word	0
 418 05ec 00000000 		.word	0
 419 05f0 00000000 		.word	0
 420 05f4 00000000 		.word	0
 421 05f8 00000000 		.word	0
 422 05fc 00000000 		.word	0
 423 0600 00000000 		.word	0
 424 0604 01000000 		.word	1
 425 0608 01000000 		.word	1
 426 060c 00000000 		.word	0
 427 0610 00000000 		.word	0
 428 0614 00000000 		.word	0
 429 0618 00000000 		.word	0
 430 061c 00000000 		.word	0
 431 0620 00000000 		.word	0
 432 0624 00000000 		.word	0
 433 0628 00000000 		.word	0
 434 062c 00000000 		.word	0
 435 0630 01000000 		.word	1
 436 0634 01000000 		.word	1
 437 0638 00000000 		.word	0
 438 063c 00000000 		.word	0
 439 0640 00000000 		.word	0
 440 0644 00000000 		.word	0
 441 0648 00000000 		.word	0
 442 064c 00000000 		.word	0
 443 0650 00000000 		.word	0
 444 0654 00000000 		.word	0
 445 0658 00000000 		.word	0
 446 065c 01000000 		.word	1
 447 0660 01000000 		.word	1
 448 0664 00000000 		.word	0
 449 0668 00000000 		.word	0
 450 066c 00000000 		.word	0
 451 0670 00000000 		.word	0
 452 0674 00000000 		.word	0
 453 0678 00000000 		.word	0
 454 067c 00000000 		.word	0
 455 0680 00000000 		.word	0
 456 0684 00000000 		.word	0
ARM GAS  C:\Users\KRISTE~1\AppData\Local\Temp\ccwh2jqh.s 			page 9


 457 0688 01000000 		.word	1
 458 068c 01000000 		.word	1
 459 0690 00000000 		.word	0
 460 0694 00000000 		.word	0
 461 0698 00000000 		.word	0
 462 069c 01000000 		.word	1
 463 06a0 01000000 		.word	1
 464 06a4 01000000 		.word	1
 465 06a8 01000000 		.word	1
 466 06ac 00000000 		.word	0
 467 06b0 00000000 		.word	0
 468 06b4 01000000 		.word	1
 469 06b8 01000000 		.word	1
 470 06bc 00000000 		.word	0
 471 06c0 00000000 		.word	0
 472 06c4 00000000 		.word	0
 473 06c8 00000000 		.word	0
 474 06cc 01000000 		.word	1
 475 06d0 01000000 		.word	1
 476 06d4 01000000 		.word	1
 477 06d8 01000000 		.word	1
 478 06dc 00000000 		.word	0
 479 06e0 01000000 		.word	1
 480 06e4 01000000 		.word	1
 481 06e8 00000000 		.word	0
 482 06ec 00000000 		.word	0
 483 06f0 00000000 		.word	0
 484 06f4 00000000 		.word	0
 485 06f8 00000000 		.word	0
 486 06fc 00000000 		.word	0
 487 0700 01000000 		.word	1
 488 0704 01000000 		.word	1
 489 0708 00000000 		.word	0
 490 070c 01000000 		.word	1
 491 0710 01000000 		.word	1
 492 0714 00000000 		.word	0
 493 0718 00000000 		.word	0
 494 071c 00000000 		.word	0
 495 0720 00000000 		.word	0
 496 0724 00000000 		.word	0
 497 0728 00000000 		.word	0
 498 072c 01000000 		.word	1
 499 0730 01000000 		.word	1
 500 0734 00000000 		.word	0
 501 0738 01000000 		.word	1
 502 073c 01000000 		.word	1
 503 0740 01000000 		.word	1
 504 0744 00000000 		.word	0
 505 0748 00000000 		.word	0
 506 074c 00000000 		.word	0
 507 0750 00000000 		.word	0
 508 0754 00000000 		.word	0
 509 0758 01000000 		.word	1
 510 075c 01000000 		.word	1
 511 0760 00000000 		.word	0
 512 0764 00000000 		.word	0
 513 0768 01000000 		.word	1
ARM GAS  C:\Users\KRISTE~1\AppData\Local\Temp\ccwh2jqh.s 			page 10


 514 076c 01000000 		.word	1
 515 0770 01000000 		.word	1
 516 0774 01000000 		.word	1
 517 0778 01000000 		.word	1
 518 077c 01000000 		.word	1
 519 0780 01000000 		.word	1
 520 0784 01000000 		.word	1
 521 0788 01000000 		.word	1
 522 078c 00000000 		.word	0
 523 0790 00000000 		.word	0
 524 0794 00000000 		.word	0
 525 0798 01000000 		.word	1
 526 079c 01000000 		.word	1
 527 07a0 01000000 		.word	1
 528 07a4 01000000 		.word	1
 529 07a8 01000000 		.word	1
 530 07ac 01000000 		.word	1
 531 07b0 01000000 		.word	1
 532 07b4 00000000 		.word	0
 533 07b8 00000000 		.word	0
 534              		.type	F, %object
 535              		.size	F, 660
 536              	F:
 537 07bc 01000000 		.word	1
 538 07c0 01000000 		.word	1
 539 07c4 01000000 		.word	1
 540 07c8 01000000 		.word	1
 541 07cc 01000000 		.word	1
 542 07d0 01000000 		.word	1
 543 07d4 01000000 		.word	1
 544 07d8 01000000 		.word	1
 545 07dc 01000000 		.word	1
 546 07e0 01000000 		.word	1
 547 07e4 00000000 		.word	0
 548 07e8 01000000 		.word	1
 549 07ec 01000000 		.word	1
 550 07f0 01000000 		.word	1
 551 07f4 01000000 		.word	1
 552 07f8 01000000 		.word	1
 553 07fc 01000000 		.word	1
 554 0800 01000000 		.word	1
 555 0804 01000000 		.word	1
 556 0808 01000000 		.word	1
 557 080c 01000000 		.word	1
 558 0810 00000000 		.word	0
 559 0814 01000000 		.word	1
 560 0818 01000000 		.word	1
 561 081c 00000000 		.word	0
 562 0820 00000000 		.word	0
 563 0824 00000000 		.word	0
 564 0828 00000000 		.word	0
 565 082c 00000000 		.word	0
 566 0830 00000000 		.word	0
 567 0834 00000000 		.word	0
 568 0838 00000000 		.word	0
 569 083c 00000000 		.word	0
 570 0840 01000000 		.word	1
ARM GAS  C:\Users\KRISTE~1\AppData\Local\Temp\ccwh2jqh.s 			page 11


 571 0844 01000000 		.word	1
 572 0848 00000000 		.word	0
 573 084c 00000000 		.word	0
 574 0850 00000000 		.word	0
 575 0854 00000000 		.word	0
 576 0858 00000000 		.word	0
 577 085c 00000000 		.word	0
 578 0860 00000000 		.word	0
 579 0864 00000000 		.word	0
 580 0868 00000000 		.word	0
 581 086c 01000000 		.word	1
 582 0870 01000000 		.word	1
 583 0874 00000000 		.word	0
 584 0878 00000000 		.word	0
 585 087c 00000000 		.word	0
 586 0880 00000000 		.word	0
 587 0884 00000000 		.word	0
 588 0888 00000000 		.word	0
 589 088c 00000000 		.word	0
 590 0890 00000000 		.word	0
 591 0894 00000000 		.word	0
 592 0898 01000000 		.word	1
 593 089c 01000000 		.word	1
 594 08a0 00000000 		.word	0
 595 08a4 00000000 		.word	0
 596 08a8 00000000 		.word	0
 597 08ac 00000000 		.word	0
 598 08b0 00000000 		.word	0
 599 08b4 00000000 		.word	0
 600 08b8 00000000 		.word	0
 601 08bc 00000000 		.word	0
 602 08c0 00000000 		.word	0
 603 08c4 01000000 		.word	1
 604 08c8 01000000 		.word	1
 605 08cc 01000000 		.word	1
 606 08d0 01000000 		.word	1
 607 08d4 01000000 		.word	1
 608 08d8 01000000 		.word	1
 609 08dc 01000000 		.word	1
 610 08e0 01000000 		.word	1
 611 08e4 01000000 		.word	1
 612 08e8 01000000 		.word	1
 613 08ec 00000000 		.word	0
 614 08f0 01000000 		.word	1
 615 08f4 01000000 		.word	1
 616 08f8 01000000 		.word	1
 617 08fc 01000000 		.word	1
 618 0900 01000000 		.word	1
 619 0904 01000000 		.word	1
 620 0908 01000000 		.word	1
 621 090c 01000000 		.word	1
 622 0910 01000000 		.word	1
 623 0914 01000000 		.word	1
 624 0918 00000000 		.word	0
 625 091c 01000000 		.word	1
 626 0920 01000000 		.word	1
 627 0924 00000000 		.word	0
ARM GAS  C:\Users\KRISTE~1\AppData\Local\Temp\ccwh2jqh.s 			page 12


 628 0928 00000000 		.word	0
 629 092c 00000000 		.word	0
 630 0930 00000000 		.word	0
 631 0934 00000000 		.word	0
 632 0938 00000000 		.word	0
 633 093c 00000000 		.word	0
 634 0940 00000000 		.word	0
 635 0944 00000000 		.word	0
 636 0948 01000000 		.word	1
 637 094c 01000000 		.word	1
 638 0950 00000000 		.word	0
 639 0954 00000000 		.word	0
 640 0958 00000000 		.word	0
 641 095c 00000000 		.word	0
 642 0960 00000000 		.word	0
 643 0964 00000000 		.word	0
 644 0968 00000000 		.word	0
 645 096c 00000000 		.word	0
 646 0970 00000000 		.word	0
 647 0974 01000000 		.word	1
 648 0978 01000000 		.word	1
 649 097c 00000000 		.word	0
 650 0980 00000000 		.word	0
 651 0984 00000000 		.word	0
 652 0988 00000000 		.word	0
 653 098c 00000000 		.word	0
 654 0990 00000000 		.word	0
 655 0994 00000000 		.word	0
 656 0998 00000000 		.word	0
 657 099c 00000000 		.word	0
 658 09a0 01000000 		.word	1
 659 09a4 01000000 		.word	1
 660 09a8 00000000 		.word	0
 661 09ac 00000000 		.word	0
 662 09b0 00000000 		.word	0
 663 09b4 00000000 		.word	0
 664 09b8 00000000 		.word	0
 665 09bc 00000000 		.word	0
 666 09c0 00000000 		.word	0
 667 09c4 00000000 		.word	0
 668 09c8 00000000 		.word	0
 669 09cc 01000000 		.word	1
 670 09d0 01000000 		.word	1
 671 09d4 00000000 		.word	0
 672 09d8 00000000 		.word	0
 673 09dc 00000000 		.word	0
 674 09e0 00000000 		.word	0
 675 09e4 00000000 		.word	0
 676 09e8 00000000 		.word	0
 677 09ec 00000000 		.word	0
 678 09f0 00000000 		.word	0
 679 09f4 00000000 		.word	0
 680 09f8 01000000 		.word	1
 681 09fc 01000000 		.word	1
 682 0a00 00000000 		.word	0
 683 0a04 00000000 		.word	0
 684 0a08 00000000 		.word	0
ARM GAS  C:\Users\KRISTE~1\AppData\Local\Temp\ccwh2jqh.s 			page 13


 685 0a0c 00000000 		.word	0
 686 0a10 00000000 		.word	0
 687 0a14 00000000 		.word	0
 688 0a18 00000000 		.word	0
 689 0a1c 00000000 		.word	0
 690 0a20 00000000 		.word	0
 691 0a24 01000000 		.word	1
 692 0a28 01000000 		.word	1
 693 0a2c 00000000 		.word	0
 694 0a30 00000000 		.word	0
 695 0a34 00000000 		.word	0
 696 0a38 00000000 		.word	0
 697 0a3c 00000000 		.word	0
 698 0a40 00000000 		.word	0
 699 0a44 00000000 		.word	0
 700 0a48 00000000 		.word	0
 701 0a4c 00000000 		.word	0
 702              		.type	E, %object
 703              		.size	E, 660
 704              	E:
 705 0a50 01000000 		.word	1
 706 0a54 01000000 		.word	1
 707 0a58 01000000 		.word	1
 708 0a5c 01000000 		.word	1
 709 0a60 01000000 		.word	1
 710 0a64 01000000 		.word	1
 711 0a68 01000000 		.word	1
 712 0a6c 01000000 		.word	1
 713 0a70 01000000 		.word	1
 714 0a74 01000000 		.word	1
 715 0a78 00000000 		.word	0
 716 0a7c 01000000 		.word	1
 717 0a80 01000000 		.word	1
 718 0a84 01000000 		.word	1
 719 0a88 01000000 		.word	1
 720 0a8c 01000000 		.word	1
 721 0a90 01000000 		.word	1
 722 0a94 01000000 		.word	1
 723 0a98 01000000 		.word	1
 724 0a9c 01000000 		.word	1
 725 0aa0 01000000 		.word	1
 726 0aa4 00000000 		.word	0
 727 0aa8 01000000 		.word	1
 728 0aac 01000000 		.word	1
 729 0ab0 00000000 		.word	0
 730 0ab4 00000000 		.word	0
 731 0ab8 00000000 		.word	0
 732 0abc 00000000 		.word	0
 733 0ac0 00000000 		.word	0
 734 0ac4 00000000 		.word	0
 735 0ac8 00000000 		.word	0
 736 0acc 00000000 		.word	0
 737 0ad0 00000000 		.word	0
 738 0ad4 01000000 		.word	1
 739 0ad8 01000000 		.word	1
 740 0adc 00000000 		.word	0
 741 0ae0 00000000 		.word	0
ARM GAS  C:\Users\KRISTE~1\AppData\Local\Temp\ccwh2jqh.s 			page 14


 742 0ae4 00000000 		.word	0
 743 0ae8 00000000 		.word	0
 744 0aec 00000000 		.word	0
 745 0af0 00000000 		.word	0
 746 0af4 00000000 		.word	0
 747 0af8 00000000 		.word	0
 748 0afc 00000000 		.word	0
 749 0b00 01000000 		.word	1
 750 0b04 01000000 		.word	1
 751 0b08 00000000 		.word	0
 752 0b0c 00000000 		.word	0
 753 0b10 00000000 		.word	0
 754 0b14 00000000 		.word	0
 755 0b18 00000000 		.word	0
 756 0b1c 00000000 		.word	0
 757 0b20 00000000 		.word	0
 758 0b24 00000000 		.word	0
 759 0b28 00000000 		.word	0
 760 0b2c 01000000 		.word	1
 761 0b30 01000000 		.word	1
 762 0b34 00000000 		.word	0
 763 0b38 00000000 		.word	0
 764 0b3c 00000000 		.word	0
 765 0b40 00000000 		.word	0
 766 0b44 00000000 		.word	0
 767 0b48 00000000 		.word	0
 768 0b4c 00000000 		.word	0
 769 0b50 00000000 		.word	0
 770 0b54 00000000 		.word	0
 771 0b58 01000000 		.word	1
 772 0b5c 01000000 		.word	1
 773 0b60 01000000 		.word	1
 774 0b64 01000000 		.word	1
 775 0b68 01000000 		.word	1
 776 0b6c 01000000 		.word	1
 777 0b70 01000000 		.word	1
 778 0b74 01000000 		.word	1
 779 0b78 01000000 		.word	1
 780 0b7c 01000000 		.word	1
 781 0b80 00000000 		.word	0
 782 0b84 01000000 		.word	1
 783 0b88 01000000 		.word	1
 784 0b8c 01000000 		.word	1
 785 0b90 01000000 		.word	1
 786 0b94 01000000 		.word	1
 787 0b98 01000000 		.word	1
 788 0b9c 01000000 		.word	1
 789 0ba0 01000000 		.word	1
 790 0ba4 01000000 		.word	1
 791 0ba8 01000000 		.word	1
 792 0bac 00000000 		.word	0
 793 0bb0 01000000 		.word	1
 794 0bb4 01000000 		.word	1
 795 0bb8 00000000 		.word	0
 796 0bbc 00000000 		.word	0
 797 0bc0 00000000 		.word	0
 798 0bc4 00000000 		.word	0
ARM GAS  C:\Users\KRISTE~1\AppData\Local\Temp\ccwh2jqh.s 			page 15


 799 0bc8 00000000 		.word	0
 800 0bcc 00000000 		.word	0
 801 0bd0 00000000 		.word	0
 802 0bd4 00000000 		.word	0
 803 0bd8 00000000 		.word	0
 804 0bdc 01000000 		.word	1
 805 0be0 01000000 		.word	1
 806 0be4 00000000 		.word	0
 807 0be8 00000000 		.word	0
 808 0bec 00000000 		.word	0
 809 0bf0 00000000 		.word	0
 810 0bf4 00000000 		.word	0
 811 0bf8 00000000 		.word	0
 812 0bfc 00000000 		.word	0
 813 0c00 00000000 		.word	0
 814 0c04 00000000 		.word	0
 815 0c08 01000000 		.word	1
 816 0c0c 01000000 		.word	1
 817 0c10 00000000 		.word	0
 818 0c14 00000000 		.word	0
 819 0c18 00000000 		.word	0
 820 0c1c 00000000 		.word	0
 821 0c20 00000000 		.word	0
 822 0c24 00000000 		.word	0
 823 0c28 00000000 		.word	0
 824 0c2c 00000000 		.word	0
 825 0c30 00000000 		.word	0
 826 0c34 01000000 		.word	1
 827 0c38 01000000 		.word	1
 828 0c3c 00000000 		.word	0
 829 0c40 00000000 		.word	0
 830 0c44 00000000 		.word	0
 831 0c48 00000000 		.word	0
 832 0c4c 00000000 		.word	0
 833 0c50 00000000 		.word	0
 834 0c54 00000000 		.word	0
 835 0c58 00000000 		.word	0
 836 0c5c 00000000 		.word	0
 837 0c60 01000000 		.word	1
 838 0c64 01000000 		.word	1
 839 0c68 00000000 		.word	0
 840 0c6c 00000000 		.word	0
 841 0c70 00000000 		.word	0
 842 0c74 00000000 		.word	0
 843 0c78 00000000 		.word	0
 844 0c7c 00000000 		.word	0
 845 0c80 00000000 		.word	0
 846 0c84 00000000 		.word	0
 847 0c88 00000000 		.word	0
 848 0c8c 01000000 		.word	1
 849 0c90 01000000 		.word	1
 850 0c94 01000000 		.word	1
 851 0c98 01000000 		.word	1
 852 0c9c 01000000 		.word	1
 853 0ca0 01000000 		.word	1
 854 0ca4 01000000 		.word	1
 855 0ca8 01000000 		.word	1
ARM GAS  C:\Users\KRISTE~1\AppData\Local\Temp\ccwh2jqh.s 			page 16


 856 0cac 01000000 		.word	1
 857 0cb0 01000000 		.word	1
 858 0cb4 00000000 		.word	0
 859 0cb8 01000000 		.word	1
 860 0cbc 01000000 		.word	1
 861 0cc0 01000000 		.word	1
 862 0cc4 01000000 		.word	1
 863 0cc8 01000000 		.word	1
 864 0ccc 01000000 		.word	1
 865 0cd0 01000000 		.word	1
 866 0cd4 01000000 		.word	1
 867 0cd8 01000000 		.word	1
 868 0cdc 01000000 		.word	1
 869 0ce0 00000000 		.word	0
 870              		.type	D, %object
 871              		.size	D, 660
 872              	D:
 873 0ce4 01000000 		.word	1
 874 0ce8 01000000 		.word	1
 875 0cec 01000000 		.word	1
 876 0cf0 01000000 		.word	1
 877 0cf4 01000000 		.word	1
 878 0cf8 01000000 		.word	1
 879 0cfc 01000000 		.word	1
 880 0d00 01000000 		.word	1
 881 0d04 00000000 		.word	0
 882 0d08 00000000 		.word	0
 883 0d0c 00000000 		.word	0
 884 0d10 01000000 		.word	1
 885 0d14 01000000 		.word	1
 886 0d18 01000000 		.word	1
 887 0d1c 01000000 		.word	1
 888 0d20 01000000 		.word	1
 889 0d24 01000000 		.word	1
 890 0d28 01000000 		.word	1
 891 0d2c 01000000 		.word	1
 892 0d30 01000000 		.word	1
 893 0d34 00000000 		.word	0
 894 0d38 00000000 		.word	0
 895 0d3c 01000000 		.word	1
 896 0d40 01000000 		.word	1
 897 0d44 00000000 		.word	0
 898 0d48 00000000 		.word	0
 899 0d4c 00000000 		.word	0
 900 0d50 00000000 		.word	0
 901 0d54 00000000 		.word	0
 902 0d58 01000000 		.word	1
 903 0d5c 01000000 		.word	1
 904 0d60 01000000 		.word	1
 905 0d64 00000000 		.word	0
 906 0d68 01000000 		.word	1
 907 0d6c 01000000 		.word	1
 908 0d70 00000000 		.word	0
 909 0d74 00000000 		.word	0
 910 0d78 00000000 		.word	0
 911 0d7c 00000000 		.word	0
 912 0d80 00000000 		.word	0
ARM GAS  C:\Users\KRISTE~1\AppData\Local\Temp\ccwh2jqh.s 			page 17


 913 0d84 00000000 		.word	0
 914 0d88 01000000 		.word	1
 915 0d8c 01000000 		.word	1
 916 0d90 00000000 		.word	0
 917 0d94 01000000 		.word	1
 918 0d98 01000000 		.word	1
 919 0d9c 00000000 		.word	0
 920 0da0 00000000 		.word	0
 921 0da4 00000000 		.word	0
 922 0da8 00000000 		.word	0
 923 0dac 00000000 		.word	0
 924 0db0 00000000 		.word	0
 925 0db4 01000000 		.word	1
 926 0db8 01000000 		.word	1
 927 0dbc 00000000 		.word	0
 928 0dc0 01000000 		.word	1
 929 0dc4 01000000 		.word	1
 930 0dc8 00000000 		.word	0
 931 0dcc 00000000 		.word	0
 932 0dd0 00000000 		.word	0
 933 0dd4 00000000 		.word	0
 934 0dd8 00000000 		.word	0
 935 0ddc 00000000 		.word	0
 936 0de0 01000000 		.word	1
 937 0de4 01000000 		.word	1
 938 0de8 00000000 		.word	0
 939 0dec 01000000 		.word	1
 940 0df0 01000000 		.word	1
 941 0df4 00000000 		.word	0
 942 0df8 00000000 		.word	0
 943 0dfc 00000000 		.word	0
 944 0e00 00000000 		.word	0
 945 0e04 00000000 		.word	0
 946 0e08 00000000 		.word	0
 947 0e0c 01000000 		.word	1
 948 0e10 01000000 		.word	1
 949 0e14 00000000 		.word	0
 950 0e18 01000000 		.word	1
 951 0e1c 01000000 		.word	1
 952 0e20 00000000 		.word	0
 953 0e24 00000000 		.word	0
 954 0e28 00000000 		.word	0
 955 0e2c 00000000 		.word	0
 956 0e30 00000000 		.word	0
 957 0e34 00000000 		.word	0
 958 0e38 01000000 		.word	1
 959 0e3c 01000000 		.word	1
 960 0e40 00000000 		.word	0
 961 0e44 01000000 		.word	1
 962 0e48 01000000 		.word	1
 963 0e4c 00000000 		.word	0
 964 0e50 00000000 		.word	0
 965 0e54 00000000 		.word	0
 966 0e58 00000000 		.word	0
 967 0e5c 00000000 		.word	0
 968 0e60 00000000 		.word	0
 969 0e64 01000000 		.word	1
ARM GAS  C:\Users\KRISTE~1\AppData\Local\Temp\ccwh2jqh.s 			page 18


 970 0e68 01000000 		.word	1
 971 0e6c 00000000 		.word	0
 972 0e70 01000000 		.word	1
 973 0e74 01000000 		.word	1
 974 0e78 00000000 		.word	0
 975 0e7c 00000000 		.word	0
 976 0e80 00000000 		.word	0
 977 0e84 00000000 		.word	0
 978 0e88 00000000 		.word	0
 979 0e8c 00000000 		.word	0
 980 0e90 01000000 		.word	1
 981 0e94 01000000 		.word	1
 982 0e98 00000000 		.word	0
 983 0e9c 01000000 		.word	1
 984 0ea0 01000000 		.word	1
 985 0ea4 00000000 		.word	0
 986 0ea8 00000000 		.word	0
 987 0eac 00000000 		.word	0
 988 0eb0 00000000 		.word	0
 989 0eb4 00000000 		.word	0
 990 0eb8 00000000 		.word	0
 991 0ebc 01000000 		.word	1
 992 0ec0 01000000 		.word	1
 993 0ec4 00000000 		.word	0
 994 0ec8 01000000 		.word	1
 995 0ecc 01000000 		.word	1
 996 0ed0 00000000 		.word	0
 997 0ed4 00000000 		.word	0
 998 0ed8 00000000 		.word	0
 999 0edc 00000000 		.word	0
 1000 0ee0 00000000 		.word	0
 1001 0ee4 00000000 		.word	0
 1002 0ee8 01000000 		.word	1
 1003 0eec 01000000 		.word	1
 1004 0ef0 00000000 		.word	0
 1005 0ef4 01000000 		.word	1
 1006 0ef8 01000000 		.word	1
 1007 0efc 00000000 		.word	0
 1008 0f00 00000000 		.word	0
 1009 0f04 00000000 		.word	0
 1010 0f08 00000000 		.word	0
 1011 0f0c 00000000 		.word	0
 1012 0f10 01000000 		.word	1
 1013 0f14 01000000 		.word	1
 1014 0f18 01000000 		.word	1
 1015 0f1c 00000000 		.word	0
 1016 0f20 01000000 		.word	1
 1017 0f24 01000000 		.word	1
 1018 0f28 01000000 		.word	1
 1019 0f2c 01000000 		.word	1
 1020 0f30 01000000 		.word	1
 1021 0f34 01000000 		.word	1
 1022 0f38 01000000 		.word	1
 1023 0f3c 01000000 		.word	1
 1024 0f40 01000000 		.word	1
 1025 0f44 00000000 		.word	0
 1026 0f48 00000000 		.word	0
ARM GAS  C:\Users\KRISTE~1\AppData\Local\Temp\ccwh2jqh.s 			page 19


 1027 0f4c 01000000 		.word	1
 1028 0f50 01000000 		.word	1
 1029 0f54 01000000 		.word	1
 1030 0f58 01000000 		.word	1
 1031 0f5c 01000000 		.word	1
 1032 0f60 01000000 		.word	1
 1033 0f64 01000000 		.word	1
 1034 0f68 01000000 		.word	1
 1035 0f6c 00000000 		.word	0
 1036 0f70 00000000 		.word	0
 1037 0f74 00000000 		.word	0
 1038              		.type	C, %object
 1039              		.size	C, 660
 1040              	C:
 1041 0f78 00000000 		.word	0
 1042 0f7c 00000000 		.word	0
 1043 0f80 01000000 		.word	1
 1044 0f84 01000000 		.word	1
 1045 0f88 01000000 		.word	1
 1046 0f8c 01000000 		.word	1
 1047 0f90 01000000 		.word	1
 1048 0f94 01000000 		.word	1
 1049 0f98 01000000 		.word	1
 1050 0f9c 00000000 		.word	0
 1051 0fa0 00000000 		.word	0
 1052 0fa4 00000000 		.word	0
 1053 0fa8 01000000 		.word	1
 1054 0fac 01000000 		.word	1
 1055 0fb0 01000000 		.word	1
 1056 0fb4 01000000 		.word	1
 1057 0fb8 01000000 		.word	1
 1058 0fbc 01000000 		.word	1
 1059 0fc0 01000000 		.word	1
 1060 0fc4 01000000 		.word	1
 1061 0fc8 01000000 		.word	1
 1062 0fcc 00000000 		.word	0
 1063 0fd0 01000000 		.word	1
 1064 0fd4 01000000 		.word	1
 1065 0fd8 01000000 		.word	1
 1066 0fdc 00000000 		.word	0
 1067 0fe0 00000000 		.word	0
 1068 0fe4 00000000 		.word	0
 1069 0fe8 00000000 		.word	0
 1070 0fec 00000000 		.word	0
 1071 0ff0 01000000 		.word	1
 1072 0ff4 01000000 		.word	1
 1073 0ff8 00000000 		.word	0
 1074 0ffc 01000000 		.word	1
 1075 1000 01000000 		.word	1
 1076 1004 00000000 		.word	0
 1077 1008 00000000 		.word	0
 1078 100c 00000000 		.word	0
 1079 1010 00000000 		.word	0
 1080 1014 00000000 		.word	0
 1081 1018 00000000 		.word	0
 1082 101c 00000000 		.word	0
 1083 1020 00000000 		.word	0
ARM GAS  C:\Users\KRISTE~1\AppData\Local\Temp\ccwh2jqh.s 			page 20


 1084 1024 00000000 		.word	0
 1085 1028 01000000 		.word	1
 1086 102c 01000000 		.word	1
 1087 1030 00000000 		.word	0
 1088 1034 00000000 		.word	0
 1089 1038 00000000 		.word	0
 1090 103c 00000000 		.word	0
 1091 1040 00000000 		.word	0
 1092 1044 00000000 		.word	0
 1093 1048 00000000 		.word	0
 1094 104c 00000000 		.word	0
 1095 1050 00000000 		.word	0
 1096 1054 01000000 		.word	1
 1097 1058 01000000 		.word	1
 1098 105c 00000000 		.word	0
 1099 1060 00000000 		.word	0
 1100 1064 00000000 		.word	0
 1101 1068 00000000 		.word	0
 1102 106c 00000000 		.word	0
 1103 1070 00000000 		.word	0
 1104 1074 00000000 		.word	0
 1105 1078 00000000 		.word	0
 1106 107c 00000000 		.word	0
 1107 1080 01000000 		.word	1
 1108 1084 01000000 		.word	1
 1109 1088 00000000 		.word	0
 1110 108c 00000000 		.word	0
 1111 1090 00000000 		.word	0
 1112 1094 00000000 		.word	0
 1113 1098 00000000 		.word	0
 1114 109c 00000000 		.word	0
 1115 10a0 00000000 		.word	0
 1116 10a4 00000000 		.word	0
 1117 10a8 00000000 		.word	0
 1118 10ac 01000000 		.word	1
 1119 10b0 01000000 		.word	1
 1120 10b4 00000000 		.word	0
 1121 10b8 00000000 		.word	0
 1122 10bc 00000000 		.word	0
 1123 10c0 00000000 		.word	0
 1124 10c4 00000000 		.word	0
 1125 10c8 00000000 		.word	0
 1126 10cc 00000000 		.word	0
 1127 10d0 00000000 		.word	0
 1128 10d4 00000000 		.word	0
 1129 10d8 01000000 		.word	1
 1130 10dc 01000000 		.word	1
 1131 10e0 00000000 		.word	0
 1132 10e4 00000000 		.word	0
 1133 10e8 00000000 		.word	0
 1134 10ec 00000000 		.word	0
 1135 10f0 00000000 		.word	0
 1136 10f4 00000000 		.word	0
 1137 10f8 00000000 		.word	0
 1138 10fc 00000000 		.word	0
 1139 1100 00000000 		.word	0
 1140 1104 01000000 		.word	1
ARM GAS  C:\Users\KRISTE~1\AppData\Local\Temp\ccwh2jqh.s 			page 21


 1141 1108 01000000 		.word	1
 1142 110c 00000000 		.word	0
 1143 1110 00000000 		.word	0
 1144 1114 00000000 		.word	0
 1145 1118 00000000 		.word	0
 1146 111c 00000000 		.word	0
 1147 1120 00000000 		.word	0
 1148 1124 00000000 		.word	0
 1149 1128 00000000 		.word	0
 1150 112c 00000000 		.word	0
 1151 1130 01000000 		.word	1
 1152 1134 01000000 		.word	1
 1153 1138 00000000 		.word	0
 1154 113c 00000000 		.word	0
 1155 1140 00000000 		.word	0
 1156 1144 00000000 		.word	0
 1157 1148 00000000 		.word	0
 1158 114c 00000000 		.word	0
 1159 1150 00000000 		.word	0
 1160 1154 00000000 		.word	0
 1161 1158 00000000 		.word	0
 1162 115c 01000000 		.word	1
 1163 1160 01000000 		.word	1
 1164 1164 00000000 		.word	0
 1165 1168 00000000 		.word	0
 1166 116c 00000000 		.word	0
 1167 1170 00000000 		.word	0
 1168 1174 00000000 		.word	0
 1169 1178 00000000 		.word	0
 1170 117c 00000000 		.word	0
 1171 1180 00000000 		.word	0
 1172 1184 00000000 		.word	0
 1173 1188 01000000 		.word	1
 1174 118c 01000000 		.word	1
 1175 1190 01000000 		.word	1
 1176 1194 00000000 		.word	0
 1177 1198 00000000 		.word	0
 1178 119c 00000000 		.word	0
 1179 11a0 00000000 		.word	0
 1180 11a4 00000000 		.word	0
 1181 11a8 01000000 		.word	1
 1182 11ac 01000000 		.word	1
 1183 11b0 00000000 		.word	0
 1184 11b4 00000000 		.word	0
 1185 11b8 01000000 		.word	1
 1186 11bc 01000000 		.word	1
 1187 11c0 01000000 		.word	1
 1188 11c4 01000000 		.word	1
 1189 11c8 01000000 		.word	1
 1190 11cc 01000000 		.word	1
 1191 11d0 01000000 		.word	1
 1192 11d4 01000000 		.word	1
 1193 11d8 01000000 		.word	1
 1194 11dc 00000000 		.word	0
 1195 11e0 00000000 		.word	0
 1196 11e4 00000000 		.word	0
 1197 11e8 01000000 		.word	1
ARM GAS  C:\Users\KRISTE~1\AppData\Local\Temp\ccwh2jqh.s 			page 22


 1198 11ec 01000000 		.word	1
 1199 11f0 01000000 		.word	1
 1200 11f4 01000000 		.word	1
 1201 11f8 01000000 		.word	1
 1202 11fc 01000000 		.word	1
 1203 1200 01000000 		.word	1
 1204 1204 00000000 		.word	0
 1205 1208 00000000 		.word	0
 1206              		.type	B, %object
 1207              		.size	B, 660
 1208              	B:
 1209 120c 01000000 		.word	1
 1210 1210 01000000 		.word	1
 1211 1214 01000000 		.word	1
 1212 1218 01000000 		.word	1
 1213 121c 01000000 		.word	1
 1214 1220 01000000 		.word	1
 1215 1224 01000000 		.word	1
 1216 1228 01000000 		.word	1
 1217 122c 01000000 		.word	1
 1218 1230 00000000 		.word	0
 1219 1234 00000000 		.word	0
 1220 1238 01000000 		.word	1
 1221 123c 01000000 		.word	1
 1222 1240 01000000 		.word	1
 1223 1244 01000000 		.word	1
 1224 1248 01000000 		.word	1
 1225 124c 01000000 		.word	1
 1226 1250 01000000 		.word	1
 1227 1254 01000000 		.word	1
 1228 1258 01000000 		.word	1
 1229 125c 01000000 		.word	1
 1230 1260 00000000 		.word	0
 1231 1264 01000000 		.word	1
 1232 1268 01000000 		.word	1
 1233 126c 00000000 		.word	0
 1234 1270 00000000 		.word	0
 1235 1274 00000000 		.word	0
 1236 1278 00000000 		.word	0
 1237 127c 00000000 		.word	0
 1238 1280 00000000 		.word	0
 1239 1284 01000000 		.word	1
 1240 1288 01000000 		.word	1
 1241 128c 00000000 		.word	0
 1242 1290 01000000 		.word	1
 1243 1294 01000000 		.word	1
 1244 1298 00000000 		.word	0
 1245 129c 00000000 		.word	0
 1246 12a0 00000000 		.word	0
 1247 12a4 00000000 		.word	0
 1248 12a8 00000000 		.word	0
 1249 12ac 00000000 		.word	0
 1250 12b0 01000000 		.word	1
 1251 12b4 01000000 		.word	1
 1252 12b8 00000000 		.word	0
 1253 12bc 01000000 		.word	1
 1254 12c0 01000000 		.word	1
ARM GAS  C:\Users\KRISTE~1\AppData\Local\Temp\ccwh2jqh.s 			page 23


 1255 12c4 00000000 		.word	0
 1256 12c8 00000000 		.word	0
 1257 12cc 00000000 		.word	0
 1258 12d0 00000000 		.word	0
 1259 12d4 00000000 		.word	0
 1260 12d8 00000000 		.word	0
 1261 12dc 01000000 		.word	1
 1262 12e0 01000000 		.word	1
 1263 12e4 00000000 		.word	0
 1264 12e8 01000000 		.word	1
 1265 12ec 01000000 		.word	1
 1266 12f0 00000000 		.word	0
 1267 12f4 00000000 		.word	0
 1268 12f8 00000000 		.word	0
 1269 12fc 00000000 		.word	0
 1270 1300 00000000 		.word	0
 1271 1304 01000000 		.word	1
 1272 1308 01000000 		.word	1
 1273 130c 00000000 		.word	0
 1274 1310 00000000 		.word	0
 1275 1314 01000000 		.word	1
 1276 1318 01000000 		.word	1
 1277 131c 01000000 		.word	1
 1278 1320 01000000 		.word	1
 1279 1324 01000000 		.word	1
 1280 1328 01000000 		.word	1
 1281 132c 01000000 		.word	1
 1282 1330 01000000 		.word	1
 1283 1334 01000000 		.word	1
 1284 1338 00000000 		.word	0
 1285 133c 00000000 		.word	0
 1286 1340 01000000 		.word	1
 1287 1344 01000000 		.word	1
 1288 1348 01000000 		.word	1
 1289 134c 01000000 		.word	1
 1290 1350 01000000 		.word	1
 1291 1354 01000000 		.word	1
 1292 1358 01000000 		.word	1
 1293 135c 01000000 		.word	1
 1294 1360 01000000 		.word	1
 1295 1364 00000000 		.word	0
 1296 1368 00000000 		.word	0
 1297 136c 01000000 		.word	1
 1298 1370 01000000 		.word	1
 1299 1374 00000000 		.word	0
 1300 1378 00000000 		.word	0
 1301 137c 00000000 		.word	0
 1302 1380 00000000 		.word	0
 1303 1384 00000000 		.word	0
 1304 1388 01000000 		.word	1
 1305 138c 01000000 		.word	1
 1306 1390 00000000 		.word	0
 1307 1394 00000000 		.word	0
 1308 1398 01000000 		.word	1
 1309 139c 01000000 		.word	1
 1310 13a0 00000000 		.word	0
 1311 13a4 00000000 		.word	0
ARM GAS  C:\Users\KRISTE~1\AppData\Local\Temp\ccwh2jqh.s 			page 24


 1312 13a8 00000000 		.word	0
 1313 13ac 00000000 		.word	0
 1314 13b0 00000000 		.word	0
 1315 13b4 00000000 		.word	0
 1316 13b8 01000000 		.word	1
 1317 13bc 01000000 		.word	1
 1318 13c0 00000000 		.word	0
 1319 13c4 01000000 		.word	1
 1320 13c8 01000000 		.word	1
 1321 13cc 00000000 		.word	0
 1322 13d0 00000000 		.word	0
 1323 13d4 00000000 		.word	0
 1324 13d8 00000000 		.word	0
 1325 13dc 00000000 		.word	0
 1326 13e0 00000000 		.word	0
 1327 13e4 01000000 		.word	1
 1328 13e8 01000000 		.word	1
 1329 13ec 00000000 		.word	0
 1330 13f0 01000000 		.word	1
 1331 13f4 01000000 		.word	1
 1332 13f8 00000000 		.word	0
 1333 13fc 00000000 		.word	0
 1334 1400 00000000 		.word	0
 1335 1404 00000000 		.word	0
 1336 1408 00000000 		.word	0
 1337 140c 00000000 		.word	0
 1338 1410 01000000 		.word	1
 1339 1414 01000000 		.word	1
 1340 1418 00000000 		.word	0
 1341 141c 01000000 		.word	1
 1342 1420 01000000 		.word	1
 1343 1424 00000000 		.word	0
 1344 1428 00000000 		.word	0
 1345 142c 00000000 		.word	0
 1346 1430 00000000 		.word	0
 1347 1434 00000000 		.word	0
 1348 1438 00000000 		.word	0
 1349 143c 01000000 		.word	1
 1350 1440 01000000 		.word	1
 1351 1444 00000000 		.word	0
 1352 1448 01000000 		.word	1
 1353 144c 01000000 		.word	1
 1354 1450 01000000 		.word	1
 1355 1454 01000000 		.word	1
 1356 1458 01000000 		.word	1
 1357 145c 01000000 		.word	1
 1358 1460 01000000 		.word	1
 1359 1464 01000000 		.word	1
 1360 1468 01000000 		.word	1
 1361 146c 01000000 		.word	1
 1362 1470 00000000 		.word	0
 1363 1474 01000000 		.word	1
 1364 1478 01000000 		.word	1
 1365 147c 01000000 		.word	1
 1366 1480 01000000 		.word	1
 1367 1484 01000000 		.word	1
 1368 1488 01000000 		.word	1
ARM GAS  C:\Users\KRISTE~1\AppData\Local\Temp\ccwh2jqh.s 			page 25


 1369 148c 01000000 		.word	1
 1370 1490 01000000 		.word	1
 1371 1494 01000000 		.word	1
 1372 1498 00000000 		.word	0
 1373 149c 00000000 		.word	0
 1374              		.type	A, %object
 1375              		.size	A, 660
 1376              	A:
 1377 14a0 01000000 		.word	1
 1378 14a4 01000000 		.word	1
 1379 14a8 01000000 		.word	1
 1380 14ac 01000000 		.word	1
 1381 14b0 01000000 		.word	1
 1382 14b4 01000000 		.word	1
 1383 14b8 01000000 		.word	1
 1384 14bc 01000000 		.word	1
 1385 14c0 01000000 		.word	1
 1386 14c4 01000000 		.word	1
 1387 14c8 00000000 		.word	0
 1388 14cc 01000000 		.word	1
 1389 14d0 01000000 		.word	1
 1390 14d4 01000000 		.word	1
 1391 14d8 01000000 		.word	1
 1392 14dc 01000000 		.word	1
 1393 14e0 01000000 		.word	1
 1394 14e4 01000000 		.word	1
 1395 14e8 01000000 		.word	1
 1396 14ec 01000000 		.word	1
 1397 14f0 01000000 		.word	1
 1398 14f4 00000000 		.word	0
 1399 14f8 01000000 		.word	1
 1400 14fc 01000000 		.word	1
 1401 1500 00000000 		.word	0
 1402 1504 00000000 		.word	0
 1403 1508 00000000 		.word	0
 1404 150c 00000000 		.word	0
 1405 1510 00000000 		.word	0
 1406 1514 00000000 		.word	0
 1407 1518 01000000 		.word	1
 1408 151c 01000000 		.word	1
 1409 1520 00000000 		.word	0
 1410 1524 01000000 		.word	1
 1411 1528 01000000 		.word	1
 1412 152c 00000000 		.word	0
 1413 1530 00000000 		.word	0
 1414 1534 00000000 		.word	0
 1415 1538 00000000 		.word	0
 1416 153c 00000000 		.word	0
 1417 1540 00000000 		.word	0
 1418 1544 01000000 		.word	1
 1419 1548 01000000 		.word	1
 1420 154c 00000000 		.word	0
 1421 1550 01000000 		.word	1
 1422 1554 01000000 		.word	1
 1423 1558 00000000 		.word	0
 1424 155c 00000000 		.word	0
 1425 1560 00000000 		.word	0
ARM GAS  C:\Users\KRISTE~1\AppData\Local\Temp\ccwh2jqh.s 			page 26


 1426 1564 00000000 		.word	0
 1427 1568 00000000 		.word	0
 1428 156c 00000000 		.word	0
 1429 1570 01000000 		.word	1
 1430 1574 01000000 		.word	1
 1431 1578 00000000 		.word	0
 1432 157c 01000000 		.word	1
 1433 1580 01000000 		.word	1
 1434 1584 00000000 		.word	0
 1435 1588 00000000 		.word	0
 1436 158c 00000000 		.word	0
 1437 1590 00000000 		.word	0
 1438 1594 00000000 		.word	0
 1439 1598 00000000 		.word	0
 1440 159c 01000000 		.word	1
 1441 15a0 01000000 		.word	1
 1442 15a4 00000000 		.word	0
 1443 15a8 01000000 		.word	1
 1444 15ac 01000000 		.word	1
 1445 15b0 01000000 		.word	1
 1446 15b4 01000000 		.word	1
 1447 15b8 01000000 		.word	1
 1448 15bc 01000000 		.word	1
 1449 15c0 01000000 		.word	1
 1450 15c4 01000000 		.word	1
 1451 15c8 01000000 		.word	1
 1452 15cc 01000000 		.word	1
 1453 15d0 00000000 		.word	0
 1454 15d4 01000000 		.word	1
 1455 15d8 01000000 		.word	1
 1456 15dc 01000000 		.word	1
 1457 15e0 01000000 		.word	1
 1458 15e4 01000000 		.word	1
 1459 15e8 01000000 		.word	1
 1460 15ec 01000000 		.word	1
 1461 15f0 01000000 		.word	1
 1462 15f4 01000000 		.word	1
 1463 15f8 01000000 		.word	1
 1464 15fc 00000000 		.word	0
 1465 1600 01000000 		.word	1
 1466 1604 01000000 		.word	1
 1467 1608 00000000 		.word	0
 1468 160c 00000000 		.word	0
 1469 1610 00000000 		.word	0
 1470 1614 00000000 		.word	0
 1471 1618 00000000 		.word	0
 1472 161c 00000000 		.word	0
 1473 1620 01000000 		.word	1
 1474 1624 01000000 		.word	1
 1475 1628 00000000 		.word	0
 1476 162c 01000000 		.word	1
 1477 1630 01000000 		.word	1
 1478 1634 00000000 		.word	0
 1479 1638 00000000 		.word	0
 1480 163c 00000000 		.word	0
 1481 1640 00000000 		.word	0
 1482 1644 00000000 		.word	0
ARM GAS  C:\Users\KRISTE~1\AppData\Local\Temp\ccwh2jqh.s 			page 27


 1483 1648 00000000 		.word	0
 1484 164c 01000000 		.word	1
 1485 1650 01000000 		.word	1
 1486 1654 00000000 		.word	0
 1487 1658 01000000 		.word	1
 1488 165c 01000000 		.word	1
 1489 1660 00000000 		.word	0
 1490 1664 00000000 		.word	0
 1491 1668 00000000 		.word	0
 1492 166c 00000000 		.word	0
 1493 1670 00000000 		.word	0
 1494 1674 00000000 		.word	0
 1495 1678 01000000 		.word	1
 1496 167c 01000000 		.word	1
 1497 1680 00000000 		.word	0
 1498 1684 01000000 		.word	1
 1499 1688 01000000 		.word	1
 1500 168c 00000000 		.word	0
 1501 1690 00000000 		.word	0
 1502 1694 00000000 		.word	0
 1503 1698 00000000 		.word	0
 1504 169c 00000000 		.word	0
 1505 16a0 00000000 		.word	0
 1506 16a4 01000000 		.word	1
 1507 16a8 01000000 		.word	1
 1508 16ac 00000000 		.word	0
 1509 16b0 01000000 		.word	1
 1510 16b4 01000000 		.word	1
 1511 16b8 00000000 		.word	0
 1512 16bc 00000000 		.word	0
 1513 16c0 00000000 		.word	0
 1514 16c4 00000000 		.word	0
 1515 16c8 00000000 		.word	0
 1516 16cc 00000000 		.word	0
 1517 16d0 01000000 		.word	1
 1518 16d4 01000000 		.word	1
 1519 16d8 00000000 		.word	0
 1520 16dc 01000000 		.word	1
 1521 16e0 01000000 		.word	1
 1522 16e4 00000000 		.word	0
 1523 16e8 00000000 		.word	0
 1524 16ec 00000000 		.word	0
 1525 16f0 00000000 		.word	0
 1526 16f4 00000000 		.word	0
 1527 16f8 00000000 		.word	0
 1528 16fc 01000000 		.word	1
 1529 1700 01000000 		.word	1
 1530 1704 00000000 		.word	0
 1531 1708 01000000 		.word	1
 1532 170c 01000000 		.word	1
 1533 1710 00000000 		.word	0
 1534 1714 00000000 		.word	0
 1535 1718 00000000 		.word	0
 1536 171c 00000000 		.word	0
 1537 1720 00000000 		.word	0
 1538 1724 00000000 		.word	0
 1539 1728 01000000 		.word	1
ARM GAS  C:\Users\KRISTE~1\AppData\Local\Temp\ccwh2jqh.s 			page 28


 1540 172c 01000000 		.word	1
 1541 1730 00000000 		.word	0
 1542              		.text
 1543              	.Letext0:
 1544              		.file 1 "letters.c"
 1545              		.section	.debug_info,"",%progbits
 1546              	.Ldebug_info0:
 1547 0000 C5000000 		.4byte	0xc5
 1548 0004 0400     		.2byte	0x4
 1549 0006 00000000 		.4byte	.Ldebug_abbrev0
 1550 000a 04       		.byte	0x4
 1551 000b 01       		.uleb128 0x1
 1552 000c 57000000 		.4byte	.LASF1
 1553 0010 0C       		.byte	0xc
 1554 0011 44000000 		.4byte	.LASF2
 1555 0015 00000000 		.4byte	.LASF3
 1556 0019 00000000 		.4byte	.Ldebug_line0
 1557 001d 02       		.uleb128 0x2
 1558 001e 3A000000 		.4byte	0x3a
 1559 0022 33000000 		.4byte	0x33
 1560 0026 03       		.uleb128 0x3
 1561 0027 33000000 		.4byte	0x33
 1562 002b 0E       		.byte	0xe
 1563 002c 03       		.uleb128 0x3
 1564 002d 33000000 		.4byte	0x33
 1565 0031 0A       		.byte	0xa
 1566 0032 00       		.byte	0
 1567 0033 04       		.uleb128 0x4
 1568 0034 04       		.byte	0x4
 1569 0035 07       		.byte	0x7
 1570 0036 4E000000 		.4byte	.LASF0
 1571 003a 05       		.uleb128 0x5
 1572 003b 04       		.byte	0x4
 1573 003c 05       		.byte	0x5
 1574 003d 696E7400 		.ascii	"int\000"
 1575 0041 06       		.uleb128 0x6
 1576 0042 4100     		.ascii	"A\000"
 1577 0044 01       		.byte	0x1
 1578 0045 01       		.byte	0x1
 1579 0046 1D000000 		.4byte	0x1d
 1580 004a 05       		.uleb128 0x5
 1581 004b 03       		.byte	0x3
 1582 004c 00000000 		.4byte	A
 1583 0050 06       		.uleb128 0x6
 1584 0051 4200     		.ascii	"B\000"
 1585 0053 01       		.byte	0x1
 1586 0054 13       		.byte	0x13
 1587 0055 1D000000 		.4byte	0x1d
 1588 0059 05       		.uleb128 0x5
 1589 005a 03       		.byte	0x3
 1590 005b 00000000 		.4byte	B
 1591 005f 06       		.uleb128 0x6
 1592 0060 4300     		.ascii	"C\000"
 1593 0062 01       		.byte	0x1
 1594 0063 25       		.byte	0x25
 1595 0064 1D000000 		.4byte	0x1d
 1596 0068 05       		.uleb128 0x5
ARM GAS  C:\Users\KRISTE~1\AppData\Local\Temp\ccwh2jqh.s 			page 29


 1597 0069 03       		.byte	0x3
 1598 006a 00000000 		.4byte	C
 1599 006e 06       		.uleb128 0x6
 1600 006f 4400     		.ascii	"D\000"
 1601 0071 01       		.byte	0x1
 1602 0072 37       		.byte	0x37
 1603 0073 1D000000 		.4byte	0x1d
 1604 0077 05       		.uleb128 0x5
 1605 0078 03       		.byte	0x3
 1606 0079 00000000 		.4byte	D
 1607 007d 06       		.uleb128 0x6
 1608 007e 4500     		.ascii	"E\000"
 1609 0080 01       		.byte	0x1
 1610 0081 49       		.byte	0x49
 1611 0082 1D000000 		.4byte	0x1d
 1612 0086 05       		.uleb128 0x5
 1613 0087 03       		.byte	0x3
 1614 0088 00000000 		.4byte	E
 1615 008c 06       		.uleb128 0x6
 1616 008d 4600     		.ascii	"F\000"
 1617 008f 01       		.byte	0x1
 1618 0090 5B       		.byte	0x5b
 1619 0091 1D000000 		.4byte	0x1d
 1620 0095 05       		.uleb128 0x5
 1621 0096 03       		.byte	0x3
 1622 0097 00000000 		.4byte	F
 1623 009b 06       		.uleb128 0x6
 1624 009c 4700     		.ascii	"G\000"
 1625 009e 01       		.byte	0x1
 1626 009f 6D       		.byte	0x6d
 1627 00a0 1D000000 		.4byte	0x1d
 1628 00a4 05       		.uleb128 0x5
 1629 00a5 03       		.byte	0x3
 1630 00a6 00000000 		.4byte	G
 1631 00aa 06       		.uleb128 0x6
 1632 00ab 4800     		.ascii	"H\000"
 1633 00ad 01       		.byte	0x1
 1634 00ae 7F       		.byte	0x7f
 1635 00af 1D000000 		.4byte	0x1d
 1636 00b3 05       		.uleb128 0x5
 1637 00b4 03       		.byte	0x3
 1638 00b5 00000000 		.4byte	H
 1639 00b9 06       		.uleb128 0x6
 1640 00ba 5400     		.ascii	"T\000"
 1641 00bc 01       		.byte	0x1
 1642 00bd 91       		.byte	0x91
 1643 00be 1D000000 		.4byte	0x1d
 1644 00c2 05       		.uleb128 0x5
 1645 00c3 03       		.byte	0x3
 1646 00c4 00000000 		.4byte	T
 1647 00c8 00       		.byte	0
 1648              		.section	.debug_abbrev,"",%progbits
 1649              	.Ldebug_abbrev0:
 1650 0000 01       		.uleb128 0x1
 1651 0001 11       		.uleb128 0x11
 1652 0002 01       		.byte	0x1
 1653 0003 25       		.uleb128 0x25
ARM GAS  C:\Users\KRISTE~1\AppData\Local\Temp\ccwh2jqh.s 			page 30


 1654 0004 0E       		.uleb128 0xe
 1655 0005 13       		.uleb128 0x13
 1656 0006 0B       		.uleb128 0xb
 1657 0007 03       		.uleb128 0x3
 1658 0008 0E       		.uleb128 0xe
 1659 0009 1B       		.uleb128 0x1b
 1660 000a 0E       		.uleb128 0xe
 1661 000b 10       		.uleb128 0x10
 1662 000c 17       		.uleb128 0x17
 1663 000d 00       		.byte	0
 1664 000e 00       		.byte	0
 1665 000f 02       		.uleb128 0x2
 1666 0010 01       		.uleb128 0x1
 1667 0011 01       		.byte	0x1
 1668 0012 49       		.uleb128 0x49
 1669 0013 13       		.uleb128 0x13
 1670 0014 01       		.uleb128 0x1
 1671 0015 13       		.uleb128 0x13
 1672 0016 00       		.byte	0
 1673 0017 00       		.byte	0
 1674 0018 03       		.uleb128 0x3
 1675 0019 21       		.uleb128 0x21
 1676 001a 00       		.byte	0
 1677 001b 49       		.uleb128 0x49
 1678 001c 13       		.uleb128 0x13
 1679 001d 2F       		.uleb128 0x2f
 1680 001e 0B       		.uleb128 0xb
 1681 001f 00       		.byte	0
 1682 0020 00       		.byte	0
 1683 0021 04       		.uleb128 0x4
 1684 0022 24       		.uleb128 0x24
 1685 0023 00       		.byte	0
 1686 0024 0B       		.uleb128 0xb
 1687 0025 0B       		.uleb128 0xb
 1688 0026 3E       		.uleb128 0x3e
 1689 0027 0B       		.uleb128 0xb
 1690 0028 03       		.uleb128 0x3
 1691 0029 0E       		.uleb128 0xe
 1692 002a 00       		.byte	0
 1693 002b 00       		.byte	0
 1694 002c 05       		.uleb128 0x5
 1695 002d 24       		.uleb128 0x24
 1696 002e 00       		.byte	0
 1697 002f 0B       		.uleb128 0xb
 1698 0030 0B       		.uleb128 0xb
 1699 0031 3E       		.uleb128 0x3e
 1700 0032 0B       		.uleb128 0xb
 1701 0033 03       		.uleb128 0x3
 1702 0034 08       		.uleb128 0x8
 1703 0035 00       		.byte	0
 1704 0036 00       		.byte	0
 1705 0037 06       		.uleb128 0x6
 1706 0038 34       		.uleb128 0x34
 1707 0039 00       		.byte	0
 1708 003a 03       		.uleb128 0x3
 1709 003b 08       		.uleb128 0x8
 1710 003c 3A       		.uleb128 0x3a
ARM GAS  C:\Users\KRISTE~1\AppData\Local\Temp\ccwh2jqh.s 			page 31


 1711 003d 0B       		.uleb128 0xb
 1712 003e 3B       		.uleb128 0x3b
 1713 003f 0B       		.uleb128 0xb
 1714 0040 49       		.uleb128 0x49
 1715 0041 13       		.uleb128 0x13
 1716 0042 3F       		.uleb128 0x3f
 1717 0043 19       		.uleb128 0x19
 1718 0044 02       		.uleb128 0x2
 1719 0045 18       		.uleb128 0x18
 1720 0046 00       		.byte	0
 1721 0047 00       		.byte	0
 1722 0048 00       		.byte	0
 1723              		.section	.debug_aranges,"",%progbits
 1724 0000 14000000 		.4byte	0x14
 1725 0004 0200     		.2byte	0x2
 1726 0006 00000000 		.4byte	.Ldebug_info0
 1727 000a 04       		.byte	0x4
 1728 000b 00       		.byte	0
 1729 000c 0000     		.2byte	0
 1730 000e 0000     		.2byte	0
 1731 0010 00000000 		.4byte	0
 1732 0014 00000000 		.4byte	0
 1733              		.section	.debug_line,"",%progbits
 1734              	.Ldebug_line0:
 1735 0000 26000000 		.section	.debug_str,"MS",%progbits,1
 1735      02002000 
 1735      00000201 
 1735      FB0E0D00 
 1735      01010101 
 1736              	.LASF3:
 1737 0000 433A5C55 		.ascii	"C:\\Users\\Kristella Lieu\\Desktop\\SeniorProject\\"
 1737      73657273 
 1737      5C4B7269 
 1737      7374656C 
 1737      6C61204C 
 1738 002e 4578616D 		.ascii	"Example\\Example.cydsn\000"
 1738      706C655C 
 1738      4578616D 
 1738      706C652E 
 1738      63796473 
 1739              	.LASF2:
 1740 0044 6C657474 		.ascii	"letters.c\000"
 1740      6572732E 
 1740      6300
 1741              	.LASF0:
 1742 004e 73697A65 		.ascii	"sizetype\000"
 1742      74797065 
 1742      00
 1743              	.LASF1:
 1744 0057 474E5520 		.ascii	"GNU C11 5.4.1 20160609 (release) [ARM/embedded-5-br"
 1744      43313120 
 1744      352E342E 
 1744      31203230 
 1744      31363036 
 1745 008a 616E6368 		.ascii	"anch revision 237715] -mcpu=cortex-m3 -mthumb -g -O"
 1745      20726576 
 1745      6973696F 
ARM GAS  C:\Users\KRISTE~1\AppData\Local\Temp\ccwh2jqh.s 			page 32


 1745      6E203233 
 1745      37373135 
 1746 00bd 67202D66 		.ascii	"g -ffunction-sections -ffat-lto-objects\000"
 1746      66756E63 
 1746      74696F6E 
 1746      2D736563 
 1746      74696F6E 
 1747              		.ident	"GCC: (GNU Tools for ARM Embedded Processors) 5.4.1 20160609 (release) [ARM/embedded-5-bran
