ARM GAS  C:\Users\KRISTE~1\AppData\Local\Temp\cc1vb8DE.s 			page 1


   1              		.syntax unified
   2              		.cpu cortex-m3
   3              		.fpu softvfp
   4              		.eabi_attribute 20, 1
   5              		.eabi_attribute 21, 1
   6              		.eabi_attribute 23, 3
   7              		.eabi_attribute 24, 1
   8              		.eabi_attribute 25, 1
   9              		.eabi_attribute 26, 1
  10              		.eabi_attribute 30, 1
  11              		.eabi_attribute 34, 1
  12              		.eabi_attribute 18, 4
  13              		.thumb
  14              		.syntax unified
  15              		.file	"main.c"
  16              		.text
  17              	.Ltext0:
  18              		.cfi_sections	.debug_frame
  19              		.section	.text.main,"ax",%progbits
  20              		.align	2
  21              		.global	main
  22              		.thumb
  23              		.thumb_func
  24              		.type	main, %function
  25              	main:
  26              	.LFB63:
  27              		.file 1 "main.c"
   1:main.c        **** /* ========================================
   2:main.c        ****  *
   3:main.c        ****  * Copyright YOUR COMPANY, THE YEAR
   4:main.c        ****  * All Rights Reserved
   5:main.c        ****  * UNPUBLISHED, LICENSED SOFTWARE.
   6:main.c        ****  *
   7:main.c        ****  * CONFIDENTIAL AND PROPRIETARY INFORMATION
   8:main.c        ****  * WHICH IS THE PROPERTY OF your company.
   9:main.c        ****  *
  10:main.c        ****  * ========================================
  11:main.c        **** */
  12:main.c        **** #include "project.h"
  13:main.c        **** #include "letters.h"
  14:main.c        **** 
  15:main.c        **** // M x N matrix
  16:main.c        **** #define ROWS 16
  17:main.c        **** #define COLS 64
  18:main.c        **** 
  19:main.c        **** int main(void)
  20:main.c        **** {
  28              		.loc 1 20 0
  29              		.cfi_startproc
  30              		@ args = 0, pretend = 0, frame = 4760
  31              		@ frame_needed = 0, uses_anonymous_args = 0
  32 0000 70B5     		push	{r4, r5, r6, lr}
  33              		.cfi_def_cfa_offset 16
  34              		.cfi_offset 4, -16
  35              		.cfi_offset 5, -12
  36              		.cfi_offset 6, -8
  37              		.cfi_offset 14, -4
ARM GAS  C:\Users\KRISTE~1\AppData\Local\Temp\cc1vb8DE.s 			page 2


  38 0002 ADF5945D 		sub	sp, sp, #4736
  39              		.cfi_def_cfa_offset 4752
  40 0006 86B0     		sub	sp, sp, #24
  41              		.cfi_def_cfa_offset 4776
  21:main.c        ****     CyGlobalIntEnable; /* Enable global interrupts. */
  42              		.loc 1 21 0
  43              		.syntax unified
  44              	@ 21 "main.c" 1
  45 0008 62B6     		CPSIE   i
  46              	@ 0 "" 2
  22:main.c        **** ////    for ( int i = 0; i< 16; ++i){
  23:main.c        **** //        R1_Write(1) ;
  24:main.c        **** //        B1_Write(1);
  25:main.c        **** //        G1_Write(1); 
  26:main.c        **** //        A_Write(1); 
  27:main.c        **** //        B_Write(1); 
  28:main.c        **** //        C_Write(1); 
  29:main.c        **** //        D_Write(1);
  30:main.c        **** //        
  31:main.c        **** //        LAT_Write(0);         
  32:main.c        **** //        CLK_Write(0);
  33:main.c        **** //        CLK_Write(1);
  34:main.c        **** //        CLK_Write(0); 
  35:main.c        **** //        LAT_Write(1) ; 
  36:main.c        **** //        //LAT_Write(0) ; 
  37:main.c        **** //        CyDelay(1);
  38:main.c        **** //        OE_Write(0);  //OE low- turns them all on or off 
  39:main.c        **** ////    }
  40:main.c        ****     
  41:main.c        ****     int matrix[ROWS][COLS] = { 0 };
  47              		.loc 1 41 0
  48              		.thumb
  49              		.syntax unified
  50 000a 4FF48052 		mov	r2, #4096
  51 000e 0021     		movs	r1, #0
  52 0010 A6A8     		add	r0, sp, #664
  53 0012 FFF7FEFF 		bl	memset
  54              	.LVL0:
  42:main.c        ****     int size_row = sizeof(A)/sizeof(A[0]);
  43:main.c        ****     int size_col = sizeof(A[0])/sizeof(A[0][0]);
  44:main.c        **** 
  45:main.c        ****     
  46:main.c        ****     char text[]= "A";
  55              		.loc 1 46 0
  56 0016 4123     		movs	r3, #65
  57 0018 ADF89432 		strh	r3, [sp, #660]	@ movhi
  58              	.LVL1:
  59              	.LBB2:
  47:main.c        ****     int letter[15][11];
  48:main.c        ****     for (int l = 0; l < (int)strlen(text); l++) {
  60              		.loc 1 48 0
  61 001c 0024     		movs	r4, #0
  62 001e 20E0     		b	.L2
  63              	.LVL2:
  64              	.L9:
  49:main.c        ****         memcpy(letter, P, sizeof(X)); // where to change letter
  65              		.loc 1 49 0
ARM GAS  C:\Users\KRISTE~1\AppData\Local\Temp\cc1vb8DE.s 			page 3


  66 0020 4FF42572 		mov	r2, #660
  67 0024 3949     		ldr	r1, .L16
  68 0026 6846     		mov	r0, sp
  69 0028 FFF7FEFF 		bl	memcpy
  70              	.LVL3:
  71              	.LBB3:
  50:main.c        ****         // fill the 2d array with letters
  51:main.c        ****         for (int r = 0; r < ROWS; r++) {
  72              		.loc 1 51 0
  73 002c 0023     		movs	r3, #0
  74 002e 15E0     		b	.L3
  75              	.LVL4:
  76              	.L8:
  52:main.c        ****             if (r == size_row) {
  77              		.loc 1 52 0
  78 0030 0F2B     		cmp	r3, #15
  79 0032 15D0     		beq	.L4
  80 0034 0022     		movs	r2, #0
  81 0036 0EE0     		b	.L5
  82              	.LVL5:
  83              	.L7:
  84              	.LBB4:
  53:main.c        ****                 break;
  54:main.c        ****             }
  55:main.c        ****             
  56:main.c        ****             for (int c = 0; c < COLS; c++) {
  57:main.c        ****                 if (c == size_col) {
  85              		.loc 1 57 0
  86 0038 0B2A     		cmp	r2, #11
  87 003a 0ED0     		beq	.L6
  58:main.c        ****                     break;
  59:main.c        ****                 }
  60:main.c        ****                 matrix[r][c] = letter[r][c];
  88              		.loc 1 60 0 discriminator 2
  89 003c 03EB8301 		add	r1, r3, r3, lsl #2
  90 0040 03EB4101 		add	r1, r3, r1, lsl #1
  91 0044 1144     		add	r1, r1, r2
  92 0046 5DF82150 		ldr	r5, [sp, r1, lsl #2]
  93 004a 02EB8310 		add	r0, r2, r3, lsl #6
  94 004e A6A9     		add	r1, sp, #664
  95 0050 41F82050 		str	r5, [r1, r0, lsl #2]
  56:main.c        ****                 if (c == size_col) {
  96              		.loc 1 56 0 discriminator 2
  97 0054 0132     		adds	r2, r2, #1
  98              	.LVL6:
  99              	.L5:
  56:main.c        ****                 if (c == size_col) {
 100              		.loc 1 56 0 is_stmt 0 discriminator 1
 101 0056 3F2A     		cmp	r2, #63
 102 0058 EEDD     		ble	.L7
 103              	.L6:
 104              	.LBE4:
  51:main.c        ****             if (r == size_row) {
 105              		.loc 1 51 0 is_stmt 1 discriminator 2
 106 005a 0133     		adds	r3, r3, #1
 107              	.LVL7:
 108              	.L3:
ARM GAS  C:\Users\KRISTE~1\AppData\Local\Temp\cc1vb8DE.s 			page 4


  51:main.c        ****             if (r == size_row) {
 109              		.loc 1 51 0 is_stmt 0 discriminator 1
 110 005c 0F2B     		cmp	r3, #15
 111 005e E7DD     		ble	.L8
 112              	.L4:
 113              	.LBE3:
  48:main.c        ****         memcpy(letter, P, sizeof(X)); // where to change letter
 114              		.loc 1 48 0 is_stmt 1 discriminator 2
 115 0060 0134     		adds	r4, r4, #1
 116              	.LVL8:
 117              	.L2:
  48:main.c        ****         memcpy(letter, P, sizeof(X)); // where to change letter
 118              		.loc 1 48 0 is_stmt 0 discriminator 1
 119 0062 A5A8     		add	r0, sp, #660
 120 0064 FFF7FEFF 		bl	strlen
 121              	.LVL9:
 122 0068 8442     		cmp	r4, r0
 123 006a D9DB     		blt	.L9
 124              	.LBE2:
  61:main.c        ****             }
  62:main.c        ****         }
  63:main.c        ****     }
  64:main.c        ****     
  65:main.c        ****     CLK_Write(0);
 125              		.loc 1 65 0 is_stmt 1
 126 006c 0020     		movs	r0, #0
 127 006e FFF7FEFF 		bl	CLK_Write
 128              	.LVL10:
  66:main.c        ****     LAT_Write(0);
 129              		.loc 1 66 0
 130 0072 0020     		movs	r0, #0
 131 0074 FFF7FEFF 		bl	LAT_Write
 132              	.LVL11:
 133              	.L14:
 134              	.LBB5:
  67:main.c        ****     
  68:main.c        ****     for(;;)
  69:main.c        ****     {
  70:main.c        ****         for(int j=0 ; j<ROWS; ++j){
 135              		.loc 1 70 0
 136 0078 0024     		movs	r4, #0
 137 007a 44E0     		b	.L10
 138              	.LVL12:
 139              	.L13:
  71:main.c        ****             OE_Write(1); // OE high 
 140              		.loc 1 71 0
 141 007c 0120     		movs	r0, #1
 142 007e FFF7FEFF 		bl	OE_Write
 143              	.LVL13:
 144              	.LBB6:
  72:main.c        ****             for(int i=0 ; i<COLS; ++i){         
 145              		.loc 1 72 0
 146 0082 0025     		movs	r5, #0
 147 0084 2FE0     		b	.L11
 148              	.LVL14:
 149              	.L12:
  73:main.c        ****                 R1_Write((matrix[j][i])); 
ARM GAS  C:\Users\KRISTE~1\AppData\Local\Temp\cc1vb8DE.s 			page 5


 150              		.loc 1 73 0 discriminator 3
 151 0086 05EB8412 		add	r2, r5, r4, lsl #6
 152 008a A6AB     		add	r3, sp, #664
 153 008c 13F82260 		ldrb	r6, [r3, r2, lsl #2]	@ zero_extendqisi2
 154 0090 3046     		mov	r0, r6
 155 0092 FFF7FEFF 		bl	R1_Write
 156              	.LVL15:
  74:main.c        ****                 B1_Write((matrix[j][i])); // shift to  make it every other dot a dif color 
 157              		.loc 1 74 0 discriminator 3
 158 0096 3046     		mov	r0, r6
 159 0098 FFF7FEFF 		bl	B1_Write
 160              	.LVL16:
  75:main.c        ****                 G1_Write((matrix[j][i]));
 161              		.loc 1 75 0 discriminator 3
 162 009c 3046     		mov	r0, r6
 163 009e FFF7FEFF 		bl	G1_Write
 164              	.LVL17:
  76:main.c        ****                 A_Write(j);
 165              		.loc 1 76 0 discriminator 3
 166 00a2 E0B2     		uxtb	r0, r4
 167 00a4 FFF7FEFF 		bl	A_Write
 168              	.LVL18:
  77:main.c        ****                 B_Write(j>>1);
 169              		.loc 1 77 0 discriminator 3
 170 00a8 C4F34700 		ubfx	r0, r4, #1, #8
 171 00ac FFF7FEFF 		bl	B_Write
 172              	.LVL19:
  78:main.c        ****                 C_Write(j>>2); 
 173              		.loc 1 78 0 discriminator 3
 174 00b0 C4F38700 		ubfx	r0, r4, #2, #8
 175 00b4 FFF7FEFF 		bl	C_Write
 176              	.LVL20:
  79:main.c        ****                 D_Write(j>>3);
 177              		.loc 1 79 0 discriminator 3
 178 00b8 C4F3C700 		ubfx	r0, r4, #3, #8
 179 00bc FFF7FEFF 		bl	D_Write
 180              	.LVL21:
  80:main.c        ****                 R2_Write(0); 
 181              		.loc 1 80 0 discriminator 3
 182 00c0 0020     		movs	r0, #0
 183 00c2 FFF7FEFF 		bl	R2_Write
 184              	.LVL22:
  81:main.c        ****                 B2_Write(0);
 185              		.loc 1 81 0 discriminator 3
 186 00c6 0020     		movs	r0, #0
 187 00c8 FFF7FEFF 		bl	B2_Write
 188              	.LVL23:
  82:main.c        ****                 G2_Write(0); 
 189              		.loc 1 82 0 discriminator 3
 190 00cc 0020     		movs	r0, #0
 191 00ce FFF7FEFF 		bl	G2_Write
 192              	.LVL24:
  83:main.c        ****                 CLK_Write(0);
 193              		.loc 1 83 0 discriminator 3
 194 00d2 0020     		movs	r0, #0
 195 00d4 FFF7FEFF 		bl	CLK_Write
 196              	.LVL25:
ARM GAS  C:\Users\KRISTE~1\AppData\Local\Temp\cc1vb8DE.s 			page 6


  84:main.c        ****                 //CyDelay(1);
  85:main.c        ****                 CLK_Write(1);
 197              		.loc 1 85 0 discriminator 3
 198 00d8 0120     		movs	r0, #1
 199 00da FFF7FEFF 		bl	CLK_Write
 200              	.LVL26:
  86:main.c        ****                 //CyDelay(1);
  87:main.c        ****                 CLK_Write(0);
 201              		.loc 1 87 0 discriminator 3
 202 00de 0020     		movs	r0, #0
 203 00e0 FFF7FEFF 		bl	CLK_Write
 204              	.LVL27:
  72:main.c        ****                 R1_Write((matrix[j][i])); 
 205              		.loc 1 72 0 discriminator 3
 206 00e4 0135     		adds	r5, r5, #1
 207              	.LVL28:
 208              	.L11:
  72:main.c        ****                 R1_Write((matrix[j][i])); 
 209              		.loc 1 72 0 is_stmt 0 discriminator 1
 210 00e6 3F2D     		cmp	r5, #63
 211 00e8 CDDD     		ble	.L12
 212              	.LBE6:
  88:main.c        ****                 
  89:main.c        ****             } // end of row
  90:main.c        **** //            if(j&1){
  91:main.c        **** //                LAT_Write(1) ; 
  92:main.c        **** //            }
  93:main.c        **** //            else{
  94:main.c        **** //                LAT_Write(0);
  95:main.c        **** //            }
  96:main.c        ****         
  97:main.c        ****         LAT_Write(1); 
 213              		.loc 1 97 0 is_stmt 1 discriminator 2
 214 00ea 0120     		movs	r0, #1
 215 00ec FFF7FEFF 		bl	LAT_Write
 216              	.LVL29:
  98:main.c        ****         
  99:main.c        ****         LAT_Write(0);       
 217              		.loc 1 99 0 discriminator 2
 218 00f0 0020     		movs	r0, #0
 219 00f2 FFF7FEFF 		bl	LAT_Write
 220              	.LVL30:
 100:main.c        ****         OE_Write(0);
 221              		.loc 1 100 0 discriminator 2
 222 00f6 0020     		movs	r0, #0
 223 00f8 FFF7FEFF 		bl	OE_Write
 224              	.LVL31:
 101:main.c        ****         CyDelayUs(300);   
 225              		.loc 1 101 0 discriminator 2
 226 00fc 4FF49670 		mov	r0, #300
 227 0100 FFF7FEFF 		bl	CyDelayUs
 228              	.LVL32:
  70:main.c        ****             OE_Write(1); // OE high 
 229              		.loc 1 70 0 discriminator 2
 230 0104 0134     		adds	r4, r4, #1
 231              	.LVL33:
 232              	.L10:
ARM GAS  C:\Users\KRISTE~1\AppData\Local\Temp\cc1vb8DE.s 			page 7


  70:main.c        ****             OE_Write(1); // OE high 
 233              		.loc 1 70 0 is_stmt 0 discriminator 1
 234 0106 0F2C     		cmp	r4, #15
 235 0108 B8DD     		ble	.L13
 236 010a B5E7     		b	.L14
 237              	.L17:
 238              		.align	2
 239              	.L16:
 240 010c 00000000 		.word	P
 241              	.LBE5:
 242              		.cfi_endproc
 243              	.LFE63:
 244              		.size	main, .-main
 245              		.text
 246              	.Letext0:
 247              		.file 2 "c:\\program files (x86)\\cypress\\psoc creator\\4.4\\psoc creator\\import\\gnu\\arm\\5.4.
 248              		.file 3 "c:\\program files (x86)\\cypress\\psoc creator\\4.4\\psoc creator\\import\\gnu\\arm\\5.4.
 249              		.file 4 "letters.h"
 250              		.file 5 "c:\\program files (x86)\\cypress\\psoc creator\\4.4\\psoc creator\\import\\gnu\\arm\\5.4.
 251              		.file 6 "Generated_Source\\PSoC5/R1.h"
 252              		.file 7 "Generated_Source\\PSoC5/B1.h"
 253              		.file 8 "Generated_Source\\PSoC5/G1.h"
 254              		.file 9 "Generated_Source\\PSoC5/A.h"
 255              		.file 10 "Generated_Source\\PSoC5/B.h"
 256              		.file 11 "Generated_Source\\PSoC5/C.h"
 257              		.file 12 "Generated_Source\\PSoC5/D.h"
 258              		.file 13 "Generated_Source\\PSoC5/R2.h"
 259              		.file 14 "Generated_Source\\PSoC5/B2.h"
 260              		.file 15 "Generated_Source\\PSoC5/G2.h"
 261              		.file 16 "Generated_Source\\PSoC5/CLK.h"
 262              		.file 17 "Generated_Source\\PSoC5/OE.h"
 263              		.file 18 "Generated_Source\\PSoC5/LAT.h"
 264              		.file 19 "Generated_Source\\PSoC5/CyLib.h"
 265              		.file 20 "Generated_Source\\PSoC5/core_cm3.h"
 266              		.section	.debug_info,"",%progbits
 267              	.Ldebug_info0:
 268 0000 7A040000 		.4byte	0x47a
 269 0004 0400     		.2byte	0x4
 270 0006 00000000 		.4byte	.Ldebug_abbrev0
 271 000a 04       		.byte	0x4
 272 000b 01       		.uleb128 0x1
 273 000c 1B010000 		.4byte	.LASF39
 274 0010 0C       		.byte	0xc
 275 0011 CC010000 		.4byte	.LASF40
 276 0015 E7010000 		.4byte	.LASF41
 277 0019 00000000 		.4byte	.Ldebug_ranges0+0
 278 001d 00000000 		.4byte	0
 279 0021 00000000 		.4byte	.Ldebug_line0
 280 0025 02       		.uleb128 0x2
 281 0026 01       		.byte	0x1
 282 0027 06       		.byte	0x6
 283 0028 3B000000 		.4byte	.LASF0
 284 002c 02       		.uleb128 0x2
 285 002d 01       		.byte	0x1
 286 002e 08       		.byte	0x8
 287 002f 50000000 		.4byte	.LASF1
 288 0033 02       		.uleb128 0x2
ARM GAS  C:\Users\KRISTE~1\AppData\Local\Temp\cc1vb8DE.s 			page 8


 289 0034 02       		.byte	0x2
 290 0035 05       		.byte	0x5
 291 0036 C7000000 		.4byte	.LASF2
 292 003a 02       		.uleb128 0x2
 293 003b 02       		.byte	0x2
 294 003c 07       		.byte	0x7
 295 003d 82000000 		.4byte	.LASF3
 296 0041 03       		.uleb128 0x3
 297 0042 08000000 		.4byte	.LASF9
 298 0046 02       		.byte	0x2
 299 0047 3F       		.byte	0x3f
 300 0048 4C000000 		.4byte	0x4c
 301 004c 02       		.uleb128 0x2
 302 004d 04       		.byte	0x4
 303 004e 05       		.byte	0x5
 304 004f 2B020000 		.4byte	.LASF4
 305 0053 02       		.uleb128 0x2
 306 0054 04       		.byte	0x4
 307 0055 07       		.byte	0x7
 308 0056 70000000 		.4byte	.LASF5
 309 005a 02       		.uleb128 0x2
 310 005b 08       		.byte	0x8
 311 005c 05       		.byte	0x5
 312 005d BE010000 		.4byte	.LASF6
 313 0061 02       		.uleb128 0x2
 314 0062 08       		.byte	0x8
 315 0063 07       		.byte	0x7
 316 0064 04010000 		.4byte	.LASF7
 317 0068 04       		.uleb128 0x4
 318 0069 04       		.byte	0x4
 319 006a 05       		.byte	0x5
 320 006b 696E7400 		.ascii	"int\000"
 321 006f 02       		.uleb128 0x2
 322 0070 04       		.byte	0x4
 323 0071 07       		.byte	0x7
 324 0072 1B000000 		.4byte	.LASF8
 325 0076 03       		.uleb128 0x3
 326 0077 2D000000 		.4byte	.LASF10
 327 007b 03       		.byte	0x3
 328 007c 2C       		.byte	0x2c
 329 007d 41000000 		.4byte	0x41
 330 0081 02       		.uleb128 0x2
 331 0082 04       		.byte	0x4
 332 0083 04       		.byte	0x4
 333 0084 35000000 		.4byte	.LASF11
 334 0088 02       		.uleb128 0x2
 335 0089 08       		.byte	0x8
 336 008a 04       		.byte	0x4
 337 008b B7000000 		.4byte	.LASF12
 338 008f 02       		.uleb128 0x2
 339 0090 01       		.byte	0x1
 340 0091 08       		.byte	0x8
 341 0092 D3010000 		.4byte	.LASF13
 342 0096 02       		.uleb128 0x2
 343 0097 08       		.byte	0x8
 344 0098 04       		.byte	0x4
 345 0099 A9010000 		.4byte	.LASF14
ARM GAS  C:\Users\KRISTE~1\AppData\Local\Temp\cc1vb8DE.s 			page 9


 346 009d 02       		.uleb128 0x2
 347 009e 04       		.byte	0x4
 348 009f 07       		.byte	0x7
 349 00a0 B5010000 		.4byte	.LASF15
 350 00a4 05       		.uleb128 0x5
 351 00a5 E8000000 		.4byte	.LASF42
 352 00a9 01       		.byte	0x1
 353 00aa 13       		.byte	0x13
 354 00ab 68000000 		.4byte	0x68
 355 00af 00000000 		.4byte	.LFB63
 356 00b3 10010000 		.4byte	.LFE63-.LFB63
 357 00b7 01       		.uleb128 0x1
 358 00b8 9C       		.byte	0x9c
 359 00b9 5E030000 		.4byte	0x35e
 360 00bd 06       		.uleb128 0x6
 361 00be ED000000 		.4byte	.LASF16
 362 00c2 01       		.byte	0x1
 363 00c3 29       		.byte	0x29
 364 00c4 5E030000 		.4byte	0x35e
 365 00c8 03       		.uleb128 0x3
 366 00c9 91       		.byte	0x91
 367 00ca F05F     		.sleb128 -4112
 368 00cc 07       		.uleb128 0x7
 369 00cd BE000000 		.4byte	.LASF17
 370 00d1 01       		.byte	0x1
 371 00d2 2A       		.byte	0x2a
 372 00d3 68000000 		.4byte	0x68
 373 00d7 0F       		.byte	0xf
 374 00d8 07       		.uleb128 0x7
 375 00d9 12000000 		.4byte	.LASF18
 376 00dd 01       		.byte	0x1
 377 00de 2B       		.byte	0x2b
 378 00df 68000000 		.4byte	0x68
 379 00e3 0B       		.byte	0xb
 380 00e4 06       		.uleb128 0x6
 381 00e5 28000000 		.4byte	.LASF19
 382 00e9 01       		.byte	0x1
 383 00ea 2E       		.byte	0x2e
 384 00eb 74030000 		.4byte	0x374
 385 00ef 03       		.uleb128 0x3
 386 00f0 91       		.byte	0x91
 387 00f1 EC5F     		.sleb128 -4116
 388 00f3 06       		.uleb128 0x6
 389 00f4 3C020000 		.4byte	.LASF20
 390 00f8 01       		.byte	0x1
 391 00f9 2F       		.byte	0x2f
 392 00fa 84030000 		.4byte	0x384
 393 00fe 03       		.uleb128 0x3
 394 00ff 91       		.byte	0x91
 395 0100 D85A     		.sleb128 -4776
 396 0102 08       		.uleb128 0x8
 397 0103 1C000000 		.4byte	.LBB2
 398 0107 50000000 		.4byte	.LBE2-.LBB2
 399 010b 7B010000 		.4byte	0x17b
 400 010f 09       		.uleb128 0x9
 401 0110 6C00     		.ascii	"l\000"
 402 0112 01       		.byte	0x1
ARM GAS  C:\Users\KRISTE~1\AppData\Local\Temp\cc1vb8DE.s 			page 10


 403 0113 30       		.byte	0x30
 404 0114 68000000 		.4byte	0x68
 405 0118 00000000 		.4byte	.LLST0
 406 011c 08       		.uleb128 0x8
 407 011d 2C000000 		.4byte	.LBB3
 408 0121 34000000 		.4byte	.LBE3-.LBB3
 409 0125 4E010000 		.4byte	0x14e
 410 0129 09       		.uleb128 0x9
 411 012a 7200     		.ascii	"r\000"
 412 012c 01       		.byte	0x1
 413 012d 33       		.byte	0x33
 414 012e 68000000 		.4byte	0x68
 415 0132 1F000000 		.4byte	.LLST1
 416 0136 0A       		.uleb128 0xa
 417 0137 38000000 		.4byte	.LBB4
 418 013b 22000000 		.4byte	.LBE4-.LBB4
 419 013f 09       		.uleb128 0x9
 420 0140 6300     		.ascii	"c\000"
 421 0142 01       		.byte	0x1
 422 0143 38       		.byte	0x38
 423 0144 68000000 		.4byte	0x68
 424 0148 3E000000 		.4byte	.LLST2
 425 014c 00       		.byte	0
 426 014d 00       		.byte	0
 427 014e 0B       		.uleb128 0xb
 428 014f 2C000000 		.4byte	.LVL3
 429 0153 C6030000 		.4byte	0x3c6
 430 0157 69010000 		.4byte	0x169
 431 015b 0C       		.uleb128 0xc
 432 015c 01       		.uleb128 0x1
 433 015d 50       		.byte	0x50
 434 015e 02       		.uleb128 0x2
 435 015f 7D       		.byte	0x7d
 436 0160 00       		.sleb128 0
 437 0161 0C       		.uleb128 0xc
 438 0162 01       		.uleb128 0x1
 439 0163 52       		.byte	0x52
 440 0164 03       		.uleb128 0x3
 441 0165 0A       		.byte	0xa
 442 0166 9402     		.2byte	0x294
 443 0168 00       		.byte	0
 444 0169 0D       		.uleb128 0xd
 445 016a 68000000 		.4byte	.LVL9
 446 016e CF030000 		.4byte	0x3cf
 447 0172 0C       		.uleb128 0xc
 448 0173 01       		.uleb128 0x1
 449 0174 50       		.byte	0x50
 450 0175 03       		.uleb128 0x3
 451 0176 91       		.byte	0x91
 452 0177 EC5F     		.sleb128 -4116
 453 0179 00       		.byte	0
 454 017a 00       		.byte	0
 455 017b 08       		.uleb128 0x8
 456 017c 78000000 		.4byte	.LBB5
 457 0180 98000000 		.4byte	.LBE5-.LBB5
 458 0184 1A030000 		.4byte	0x31a
 459 0188 09       		.uleb128 0x9
ARM GAS  C:\Users\KRISTE~1\AppData\Local\Temp\cc1vb8DE.s 			page 11


 460 0189 6A00     		.ascii	"j\000"
 461 018b 01       		.byte	0x1
 462 018c 46       		.byte	0x46
 463 018d 68000000 		.4byte	0x68
 464 0191 51000000 		.4byte	.LLST3
 465 0195 08       		.uleb128 0x8
 466 0196 82000000 		.4byte	.LBB6
 467 019a 68000000 		.4byte	.LBE6-.LBB6
 468 019e BC020000 		.4byte	0x2bc
 469 01a2 09       		.uleb128 0x9
 470 01a3 6900     		.ascii	"i\000"
 471 01a5 01       		.byte	0x1
 472 01a6 48       		.byte	0x48
 473 01a7 68000000 		.4byte	0x68
 474 01ab 70000000 		.4byte	.LLST4
 475 01af 0B       		.uleb128 0xb
 476 01b0 96000000 		.4byte	.LVL15
 477 01b4 DA030000 		.4byte	0x3da
 478 01b8 C3010000 		.4byte	0x1c3
 479 01bc 0C       		.uleb128 0xc
 480 01bd 01       		.uleb128 0x1
 481 01be 50       		.byte	0x50
 482 01bf 02       		.uleb128 0x2
 483 01c0 76       		.byte	0x76
 484 01c1 00       		.sleb128 0
 485 01c2 00       		.byte	0
 486 01c3 0B       		.uleb128 0xb
 487 01c4 9C000000 		.4byte	.LVL16
 488 01c8 E5030000 		.4byte	0x3e5
 489 01cc D7010000 		.4byte	0x1d7
 490 01d0 0C       		.uleb128 0xc
 491 01d1 01       		.uleb128 0x1
 492 01d2 50       		.byte	0x50
 493 01d3 02       		.uleb128 0x2
 494 01d4 76       		.byte	0x76
 495 01d5 00       		.sleb128 0
 496 01d6 00       		.byte	0
 497 01d7 0B       		.uleb128 0xb
 498 01d8 A2000000 		.4byte	.LVL17
 499 01dc F0030000 		.4byte	0x3f0
 500 01e0 EB010000 		.4byte	0x1eb
 501 01e4 0C       		.uleb128 0xc
 502 01e5 01       		.uleb128 0x1
 503 01e6 50       		.byte	0x50
 504 01e7 02       		.uleb128 0x2
 505 01e8 76       		.byte	0x76
 506 01e9 00       		.sleb128 0
 507 01ea 00       		.byte	0
 508 01eb 0B       		.uleb128 0xb
 509 01ec A8000000 		.4byte	.LVL18
 510 01f0 FB030000 		.4byte	0x3fb
 511 01f4 FF010000 		.4byte	0x1ff
 512 01f8 0C       		.uleb128 0xc
 513 01f9 01       		.uleb128 0x1
 514 01fa 50       		.byte	0x50
 515 01fb 02       		.uleb128 0x2
 516 01fc 74       		.byte	0x74
ARM GAS  C:\Users\KRISTE~1\AppData\Local\Temp\cc1vb8DE.s 			page 12


 517 01fd 00       		.sleb128 0
 518 01fe 00       		.byte	0
 519 01ff 0B       		.uleb128 0xb
 520 0200 B0000000 		.4byte	.LVL19
 521 0204 06040000 		.4byte	0x406
 522 0208 19020000 		.4byte	0x219
 523 020c 0C       		.uleb128 0xc
 524 020d 01       		.uleb128 0x1
 525 020e 50       		.byte	0x50
 526 020f 08       		.uleb128 0x8
 527 0210 74       		.byte	0x74
 528 0211 00       		.sleb128 0
 529 0212 09       		.byte	0x9
 530 0213 FB       		.byte	0xfb
 531 0214 24       		.byte	0x24
 532 0215 09       		.byte	0x9
 533 0216 FC       		.byte	0xfc
 534 0217 25       		.byte	0x25
 535 0218 00       		.byte	0
 536 0219 0B       		.uleb128 0xb
 537 021a B8000000 		.4byte	.LVL20
 538 021e 11040000 		.4byte	0x411
 539 0222 33020000 		.4byte	0x233
 540 0226 0C       		.uleb128 0xc
 541 0227 01       		.uleb128 0x1
 542 0228 50       		.byte	0x50
 543 0229 08       		.uleb128 0x8
 544 022a 74       		.byte	0x74
 545 022b 00       		.sleb128 0
 546 022c 09       		.byte	0x9
 547 022d FA       		.byte	0xfa
 548 022e 24       		.byte	0x24
 549 022f 09       		.byte	0x9
 550 0230 FC       		.byte	0xfc
 551 0231 25       		.byte	0x25
 552 0232 00       		.byte	0
 553 0233 0B       		.uleb128 0xb
 554 0234 C0000000 		.4byte	.LVL21
 555 0238 1C040000 		.4byte	0x41c
 556 023c 4D020000 		.4byte	0x24d
 557 0240 0C       		.uleb128 0xc
 558 0241 01       		.uleb128 0x1
 559 0242 50       		.byte	0x50
 560 0243 08       		.uleb128 0x8
 561 0244 74       		.byte	0x74
 562 0245 00       		.sleb128 0
 563 0246 09       		.byte	0x9
 564 0247 F9       		.byte	0xf9
 565 0248 24       		.byte	0x24
 566 0249 09       		.byte	0x9
 567 024a FC       		.byte	0xfc
 568 024b 25       		.byte	0x25
 569 024c 00       		.byte	0
 570 024d 0B       		.uleb128 0xb
 571 024e C6000000 		.4byte	.LVL22
 572 0252 27040000 		.4byte	0x427
 573 0256 60020000 		.4byte	0x260
ARM GAS  C:\Users\KRISTE~1\AppData\Local\Temp\cc1vb8DE.s 			page 13


 574 025a 0C       		.uleb128 0xc
 575 025b 01       		.uleb128 0x1
 576 025c 50       		.byte	0x50
 577 025d 01       		.uleb128 0x1
 578 025e 30       		.byte	0x30
 579 025f 00       		.byte	0
 580 0260 0B       		.uleb128 0xb
 581 0261 CC000000 		.4byte	.LVL23
 582 0265 32040000 		.4byte	0x432
 583 0269 73020000 		.4byte	0x273
 584 026d 0C       		.uleb128 0xc
 585 026e 01       		.uleb128 0x1
 586 026f 50       		.byte	0x50
 587 0270 01       		.uleb128 0x1
 588 0271 30       		.byte	0x30
 589 0272 00       		.byte	0
 590 0273 0B       		.uleb128 0xb
 591 0274 D2000000 		.4byte	.LVL24
 592 0278 3D040000 		.4byte	0x43d
 593 027c 86020000 		.4byte	0x286
 594 0280 0C       		.uleb128 0xc
 595 0281 01       		.uleb128 0x1
 596 0282 50       		.byte	0x50
 597 0283 01       		.uleb128 0x1
 598 0284 30       		.byte	0x30
 599 0285 00       		.byte	0
 600 0286 0B       		.uleb128 0xb
 601 0287 D8000000 		.4byte	.LVL25
 602 028b 48040000 		.4byte	0x448
 603 028f 99020000 		.4byte	0x299
 604 0293 0C       		.uleb128 0xc
 605 0294 01       		.uleb128 0x1
 606 0295 50       		.byte	0x50
 607 0296 01       		.uleb128 0x1
 608 0297 30       		.byte	0x30
 609 0298 00       		.byte	0
 610 0299 0B       		.uleb128 0xb
 611 029a DE000000 		.4byte	.LVL26
 612 029e 48040000 		.4byte	0x448
 613 02a2 AC020000 		.4byte	0x2ac
 614 02a6 0C       		.uleb128 0xc
 615 02a7 01       		.uleb128 0x1
 616 02a8 50       		.byte	0x50
 617 02a9 01       		.uleb128 0x1
 618 02aa 31       		.byte	0x31
 619 02ab 00       		.byte	0
 620 02ac 0D       		.uleb128 0xd
 621 02ad E4000000 		.4byte	.LVL27
 622 02b1 48040000 		.4byte	0x448
 623 02b5 0C       		.uleb128 0xc
 624 02b6 01       		.uleb128 0x1
 625 02b7 50       		.byte	0x50
 626 02b8 01       		.uleb128 0x1
 627 02b9 30       		.byte	0x30
 628 02ba 00       		.byte	0
 629 02bb 00       		.byte	0
 630 02bc 0B       		.uleb128 0xb
ARM GAS  C:\Users\KRISTE~1\AppData\Local\Temp\cc1vb8DE.s 			page 14


 631 02bd 82000000 		.4byte	.LVL13
 632 02c1 53040000 		.4byte	0x453
 633 02c5 CF020000 		.4byte	0x2cf
 634 02c9 0C       		.uleb128 0xc
 635 02ca 01       		.uleb128 0x1
 636 02cb 50       		.byte	0x50
 637 02cc 01       		.uleb128 0x1
 638 02cd 31       		.byte	0x31
 639 02ce 00       		.byte	0
 640 02cf 0B       		.uleb128 0xb
 641 02d0 F0000000 		.4byte	.LVL29
 642 02d4 5E040000 		.4byte	0x45e
 643 02d8 E2020000 		.4byte	0x2e2
 644 02dc 0C       		.uleb128 0xc
 645 02dd 01       		.uleb128 0x1
 646 02de 50       		.byte	0x50
 647 02df 01       		.uleb128 0x1
 648 02e0 31       		.byte	0x31
 649 02e1 00       		.byte	0
 650 02e2 0B       		.uleb128 0xb
 651 02e3 F6000000 		.4byte	.LVL30
 652 02e7 5E040000 		.4byte	0x45e
 653 02eb F5020000 		.4byte	0x2f5
 654 02ef 0C       		.uleb128 0xc
 655 02f0 01       		.uleb128 0x1
 656 02f1 50       		.byte	0x50
 657 02f2 01       		.uleb128 0x1
 658 02f3 30       		.byte	0x30
 659 02f4 00       		.byte	0
 660 02f5 0B       		.uleb128 0xb
 661 02f6 FC000000 		.4byte	.LVL31
 662 02fa 53040000 		.4byte	0x453
 663 02fe 08030000 		.4byte	0x308
 664 0302 0C       		.uleb128 0xc
 665 0303 01       		.uleb128 0x1
 666 0304 50       		.byte	0x50
 667 0305 01       		.uleb128 0x1
 668 0306 30       		.byte	0x30
 669 0307 00       		.byte	0
 670 0308 0D       		.uleb128 0xd
 671 0309 04010000 		.4byte	.LVL32
 672 030d 69040000 		.4byte	0x469
 673 0311 0C       		.uleb128 0xc
 674 0312 01       		.uleb128 0x1
 675 0313 50       		.byte	0x50
 676 0314 03       		.uleb128 0x3
 677 0315 0A       		.byte	0xa
 678 0316 2C01     		.2byte	0x12c
 679 0318 00       		.byte	0
 680 0319 00       		.byte	0
 681 031a 0B       		.uleb128 0xb
 682 031b 16000000 		.4byte	.LVL0
 683 031f 74040000 		.4byte	0x474
 684 0323 3B030000 		.4byte	0x33b
 685 0327 0C       		.uleb128 0xc
 686 0328 01       		.uleb128 0x1
 687 0329 50       		.byte	0x50
ARM GAS  C:\Users\KRISTE~1\AppData\Local\Temp\cc1vb8DE.s 			page 15


 688 032a 03       		.uleb128 0x3
 689 032b 91       		.byte	0x91
 690 032c F05F     		.sleb128 -4112
 691 032e 0C       		.uleb128 0xc
 692 032f 01       		.uleb128 0x1
 693 0330 51       		.byte	0x51
 694 0331 01       		.uleb128 0x1
 695 0332 30       		.byte	0x30
 696 0333 0C       		.uleb128 0xc
 697 0334 01       		.uleb128 0x1
 698 0335 52       		.byte	0x52
 699 0336 03       		.uleb128 0x3
 700 0337 0A       		.byte	0xa
 701 0338 0010     		.2byte	0x1000
 702 033a 00       		.byte	0
 703 033b 0B       		.uleb128 0xb
 704 033c 72000000 		.4byte	.LVL10
 705 0340 48040000 		.4byte	0x448
 706 0344 4E030000 		.4byte	0x34e
 707 0348 0C       		.uleb128 0xc
 708 0349 01       		.uleb128 0x1
 709 034a 50       		.byte	0x50
 710 034b 01       		.uleb128 0x1
 711 034c 30       		.byte	0x30
 712 034d 00       		.byte	0
 713 034e 0D       		.uleb128 0xd
 714 034f 78000000 		.4byte	.LVL11
 715 0353 5E040000 		.4byte	0x45e
 716 0357 0C       		.uleb128 0xc
 717 0358 01       		.uleb128 0x1
 718 0359 50       		.byte	0x50
 719 035a 01       		.uleb128 0x1
 720 035b 30       		.byte	0x30
 721 035c 00       		.byte	0
 722 035d 00       		.byte	0
 723 035e 0E       		.uleb128 0xe
 724 035f 68000000 		.4byte	0x68
 725 0363 74030000 		.4byte	0x374
 726 0367 0F       		.uleb128 0xf
 727 0368 9D000000 		.4byte	0x9d
 728 036c 0F       		.byte	0xf
 729 036d 0F       		.uleb128 0xf
 730 036e 9D000000 		.4byte	0x9d
 731 0372 3F       		.byte	0x3f
 732 0373 00       		.byte	0
 733 0374 0E       		.uleb128 0xe
 734 0375 8F000000 		.4byte	0x8f
 735 0379 84030000 		.4byte	0x384
 736 037d 0F       		.uleb128 0xf
 737 037e 9D000000 		.4byte	0x9d
 738 0382 01       		.byte	0x1
 739 0383 00       		.byte	0
 740 0384 0E       		.uleb128 0xe
 741 0385 68000000 		.4byte	0x68
 742 0389 9A030000 		.4byte	0x39a
 743 038d 0F       		.uleb128 0xf
 744 038e 9D000000 		.4byte	0x9d
ARM GAS  C:\Users\KRISTE~1\AppData\Local\Temp\cc1vb8DE.s 			page 16


 745 0392 0E       		.byte	0xe
 746 0393 0F       		.uleb128 0xf
 747 0394 9D000000 		.4byte	0x9d
 748 0398 0A       		.byte	0xa
 749 0399 00       		.byte	0
 750 039a 10       		.uleb128 0x10
 751 039b DB000000 		.4byte	.LASF21
 752 039f 14       		.byte	0x14
 753 03a0 1207     		.2byte	0x712
 754 03a2 A6030000 		.4byte	0x3a6
 755 03a6 11       		.uleb128 0x11
 756 03a7 76000000 		.4byte	0x76
 757 03ab 12       		.uleb128 0x12
 758 03ac 4100     		.ascii	"A\000"
 759 03ae 04       		.byte	0x4
 760 03af 10       		.byte	0x10
 761 03b0 84030000 		.4byte	0x384
 762 03b4 12       		.uleb128 0x12
 763 03b5 5000     		.ascii	"P\000"
 764 03b7 04       		.byte	0x4
 765 03b8 1F       		.byte	0x1f
 766 03b9 84030000 		.4byte	0x384
 767 03bd 12       		.uleb128 0x12
 768 03be 5800     		.ascii	"X\000"
 769 03c0 04       		.byte	0x4
 770 03c1 27       		.byte	0x27
 771 03c2 84030000 		.4byte	0x384
 772 03c6 13       		.uleb128 0x13
 773 03c7 D8010000 		.4byte	.LASF37
 774 03cb D8010000 		.4byte	.LASF37
 775 03cf 14       		.uleb128 0x14
 776 03d0 F4000000 		.4byte	.LASF22
 777 03d4 F4000000 		.4byte	.LASF22
 778 03d8 05       		.byte	0x5
 779 03d9 21       		.byte	0x21
 780 03da 14       		.uleb128 0x14
 781 03db 47000000 		.4byte	.LASF23
 782 03df 47000000 		.4byte	.LASF23
 783 03e3 06       		.byte	0x6
 784 03e4 26       		.byte	0x26
 785 03e5 14       		.uleb128 0x14
 786 03e6 5E000000 		.4byte	.LASF24
 787 03ea 5E000000 		.4byte	.LASF24
 788 03ee 07       		.byte	0x7
 789 03ef 26       		.byte	0x26
 790 03f0 14       		.uleb128 0x14
 791 03f1 67000000 		.4byte	.LASF25
 792 03f5 67000000 		.4byte	.LASF25
 793 03f9 08       		.byte	0x8
 794 03fa 26       		.byte	0x26
 795 03fb 14       		.uleb128 0x14
 796 03fc DF010000 		.4byte	.LASF26
 797 0400 DF010000 		.4byte	.LASF26
 798 0404 09       		.byte	0x9
 799 0405 26       		.byte	0x26
 800 0406 14       		.uleb128 0x14
 801 0407 34020000 		.4byte	.LASF27
ARM GAS  C:\Users\KRISTE~1\AppData\Local\Temp\cc1vb8DE.s 			page 17


 802 040b 34020000 		.4byte	.LASF27
 803 040f 0A       		.byte	0xa
 804 0410 26       		.byte	0x26
 805 0411 14       		.uleb128 0x14
 806 0412 57020000 		.4byte	.LASF28
 807 0416 57020000 		.4byte	.LASF28
 808 041a 0B       		.byte	0xb
 809 041b 26       		.byte	0x26
 810 041c 14       		.uleb128 0x14
 811 041d 00000000 		.4byte	.LASF29
 812 0421 00000000 		.4byte	.LASF29
 813 0425 0C       		.byte	0xc
 814 0426 26       		.byte	0x26
 815 0427 14       		.uleb128 0x14
 816 0428 95000000 		.4byte	.LASF30
 817 042c 95000000 		.4byte	.LASF30
 818 0430 0D       		.byte	0xd
 819 0431 26       		.byte	0x26
 820 0432 14       		.uleb128 0x14
 821 0433 9E000000 		.4byte	.LASF31
 822 0437 9E000000 		.4byte	.LASF31
 823 043b 0E       		.byte	0xe
 824 043c 26       		.byte	0x26
 825 043d 14       		.uleb128 0x14
 826 043e A7000000 		.4byte	.LASF32
 827 0442 A7000000 		.4byte	.LASF32
 828 0446 0F       		.byte	0xf
 829 0447 26       		.byte	0x26
 830 0448 14       		.uleb128 0x14
 831 0449 43020000 		.4byte	.LASF33
 832 044d 43020000 		.4byte	.LASF33
 833 0451 10       		.byte	0x10
 834 0452 26       		.byte	0x26
 835 0453 14       		.uleb128 0x14
 836 0454 FB000000 		.4byte	.LASF34
 837 0458 FB000000 		.4byte	.LASF34
 838 045c 11       		.byte	0x11
 839 045d 26       		.byte	0x26
 840 045e 14       		.uleb128 0x14
 841 045f 4D020000 		.4byte	.LASF35
 842 0463 4D020000 		.4byte	.LASF35
 843 0467 12       		.byte	0x12
 844 0468 26       		.byte	0x26
 845 0469 14       		.uleb128 0x14
 846 046a D1000000 		.4byte	.LASF36
 847 046e D1000000 		.4byte	.LASF36
 848 0472 13       		.byte	0x13
 849 0473 77       		.byte	0x77
 850 0474 13       		.uleb128 0x13
 851 0475 B0000000 		.4byte	.LASF38
 852 0479 B0000000 		.4byte	.LASF38
 853 047d 00       		.byte	0
 854              		.section	.debug_abbrev,"",%progbits
 855              	.Ldebug_abbrev0:
 856 0000 01       		.uleb128 0x1
 857 0001 11       		.uleb128 0x11
 858 0002 01       		.byte	0x1
ARM GAS  C:\Users\KRISTE~1\AppData\Local\Temp\cc1vb8DE.s 			page 18


 859 0003 25       		.uleb128 0x25
 860 0004 0E       		.uleb128 0xe
 861 0005 13       		.uleb128 0x13
 862 0006 0B       		.uleb128 0xb
 863 0007 03       		.uleb128 0x3
 864 0008 0E       		.uleb128 0xe
 865 0009 1B       		.uleb128 0x1b
 866 000a 0E       		.uleb128 0xe
 867 000b 55       		.uleb128 0x55
 868 000c 17       		.uleb128 0x17
 869 000d 11       		.uleb128 0x11
 870 000e 01       		.uleb128 0x1
 871 000f 10       		.uleb128 0x10
 872 0010 17       		.uleb128 0x17
 873 0011 00       		.byte	0
 874 0012 00       		.byte	0
 875 0013 02       		.uleb128 0x2
 876 0014 24       		.uleb128 0x24
 877 0015 00       		.byte	0
 878 0016 0B       		.uleb128 0xb
 879 0017 0B       		.uleb128 0xb
 880 0018 3E       		.uleb128 0x3e
 881 0019 0B       		.uleb128 0xb
 882 001a 03       		.uleb128 0x3
 883 001b 0E       		.uleb128 0xe
 884 001c 00       		.byte	0
 885 001d 00       		.byte	0
 886 001e 03       		.uleb128 0x3
 887 001f 16       		.uleb128 0x16
 888 0020 00       		.byte	0
 889 0021 03       		.uleb128 0x3
 890 0022 0E       		.uleb128 0xe
 891 0023 3A       		.uleb128 0x3a
 892 0024 0B       		.uleb128 0xb
 893 0025 3B       		.uleb128 0x3b
 894 0026 0B       		.uleb128 0xb
 895 0027 49       		.uleb128 0x49
 896 0028 13       		.uleb128 0x13
 897 0029 00       		.byte	0
 898 002a 00       		.byte	0
 899 002b 04       		.uleb128 0x4
 900 002c 24       		.uleb128 0x24
 901 002d 00       		.byte	0
 902 002e 0B       		.uleb128 0xb
 903 002f 0B       		.uleb128 0xb
 904 0030 3E       		.uleb128 0x3e
 905 0031 0B       		.uleb128 0xb
 906 0032 03       		.uleb128 0x3
 907 0033 08       		.uleb128 0x8
 908 0034 00       		.byte	0
 909 0035 00       		.byte	0
 910 0036 05       		.uleb128 0x5
 911 0037 2E       		.uleb128 0x2e
 912 0038 01       		.byte	0x1
 913 0039 3F       		.uleb128 0x3f
 914 003a 19       		.uleb128 0x19
 915 003b 03       		.uleb128 0x3
ARM GAS  C:\Users\KRISTE~1\AppData\Local\Temp\cc1vb8DE.s 			page 19


 916 003c 0E       		.uleb128 0xe
 917 003d 3A       		.uleb128 0x3a
 918 003e 0B       		.uleb128 0xb
 919 003f 3B       		.uleb128 0x3b
 920 0040 0B       		.uleb128 0xb
 921 0041 27       		.uleb128 0x27
 922 0042 19       		.uleb128 0x19
 923 0043 49       		.uleb128 0x49
 924 0044 13       		.uleb128 0x13
 925 0045 8701     		.uleb128 0x87
 926 0047 19       		.uleb128 0x19
 927 0048 11       		.uleb128 0x11
 928 0049 01       		.uleb128 0x1
 929 004a 12       		.uleb128 0x12
 930 004b 06       		.uleb128 0x6
 931 004c 40       		.uleb128 0x40
 932 004d 18       		.uleb128 0x18
 933 004e 9742     		.uleb128 0x2117
 934 0050 19       		.uleb128 0x19
 935 0051 01       		.uleb128 0x1
 936 0052 13       		.uleb128 0x13
 937 0053 00       		.byte	0
 938 0054 00       		.byte	0
 939 0055 06       		.uleb128 0x6
 940 0056 34       		.uleb128 0x34
 941 0057 00       		.byte	0
 942 0058 03       		.uleb128 0x3
 943 0059 0E       		.uleb128 0xe
 944 005a 3A       		.uleb128 0x3a
 945 005b 0B       		.uleb128 0xb
 946 005c 3B       		.uleb128 0x3b
 947 005d 0B       		.uleb128 0xb
 948 005e 49       		.uleb128 0x49
 949 005f 13       		.uleb128 0x13
 950 0060 02       		.uleb128 0x2
 951 0061 18       		.uleb128 0x18
 952 0062 00       		.byte	0
 953 0063 00       		.byte	0
 954 0064 07       		.uleb128 0x7
 955 0065 34       		.uleb128 0x34
 956 0066 00       		.byte	0
 957 0067 03       		.uleb128 0x3
 958 0068 0E       		.uleb128 0xe
 959 0069 3A       		.uleb128 0x3a
 960 006a 0B       		.uleb128 0xb
 961 006b 3B       		.uleb128 0x3b
 962 006c 0B       		.uleb128 0xb
 963 006d 49       		.uleb128 0x49
 964 006e 13       		.uleb128 0x13
 965 006f 1C       		.uleb128 0x1c
 966 0070 0B       		.uleb128 0xb
 967 0071 00       		.byte	0
 968 0072 00       		.byte	0
 969 0073 08       		.uleb128 0x8
 970 0074 0B       		.uleb128 0xb
 971 0075 01       		.byte	0x1
 972 0076 11       		.uleb128 0x11
ARM GAS  C:\Users\KRISTE~1\AppData\Local\Temp\cc1vb8DE.s 			page 20


 973 0077 01       		.uleb128 0x1
 974 0078 12       		.uleb128 0x12
 975 0079 06       		.uleb128 0x6
 976 007a 01       		.uleb128 0x1
 977 007b 13       		.uleb128 0x13
 978 007c 00       		.byte	0
 979 007d 00       		.byte	0
 980 007e 09       		.uleb128 0x9
 981 007f 34       		.uleb128 0x34
 982 0080 00       		.byte	0
 983 0081 03       		.uleb128 0x3
 984 0082 08       		.uleb128 0x8
 985 0083 3A       		.uleb128 0x3a
 986 0084 0B       		.uleb128 0xb
 987 0085 3B       		.uleb128 0x3b
 988 0086 0B       		.uleb128 0xb
 989 0087 49       		.uleb128 0x49
 990 0088 13       		.uleb128 0x13
 991 0089 02       		.uleb128 0x2
 992 008a 17       		.uleb128 0x17
 993 008b 00       		.byte	0
 994 008c 00       		.byte	0
 995 008d 0A       		.uleb128 0xa
 996 008e 0B       		.uleb128 0xb
 997 008f 01       		.byte	0x1
 998 0090 11       		.uleb128 0x11
 999 0091 01       		.uleb128 0x1
 1000 0092 12       		.uleb128 0x12
 1001 0093 06       		.uleb128 0x6
 1002 0094 00       		.byte	0
 1003 0095 00       		.byte	0
 1004 0096 0B       		.uleb128 0xb
 1005 0097 898201   		.uleb128 0x4109
 1006 009a 01       		.byte	0x1
 1007 009b 11       		.uleb128 0x11
 1008 009c 01       		.uleb128 0x1
 1009 009d 31       		.uleb128 0x31
 1010 009e 13       		.uleb128 0x13
 1011 009f 01       		.uleb128 0x1
 1012 00a0 13       		.uleb128 0x13
 1013 00a1 00       		.byte	0
 1014 00a2 00       		.byte	0
 1015 00a3 0C       		.uleb128 0xc
 1016 00a4 8A8201   		.uleb128 0x410a
 1017 00a7 00       		.byte	0
 1018 00a8 02       		.uleb128 0x2
 1019 00a9 18       		.uleb128 0x18
 1020 00aa 9142     		.uleb128 0x2111
 1021 00ac 18       		.uleb128 0x18
 1022 00ad 00       		.byte	0
 1023 00ae 00       		.byte	0
 1024 00af 0D       		.uleb128 0xd
 1025 00b0 898201   		.uleb128 0x4109
 1026 00b3 01       		.byte	0x1
 1027 00b4 11       		.uleb128 0x11
 1028 00b5 01       		.uleb128 0x1
 1029 00b6 31       		.uleb128 0x31
ARM GAS  C:\Users\KRISTE~1\AppData\Local\Temp\cc1vb8DE.s 			page 21


 1030 00b7 13       		.uleb128 0x13
 1031 00b8 00       		.byte	0
 1032 00b9 00       		.byte	0
 1033 00ba 0E       		.uleb128 0xe
 1034 00bb 01       		.uleb128 0x1
 1035 00bc 01       		.byte	0x1
 1036 00bd 49       		.uleb128 0x49
 1037 00be 13       		.uleb128 0x13
 1038 00bf 01       		.uleb128 0x1
 1039 00c0 13       		.uleb128 0x13
 1040 00c1 00       		.byte	0
 1041 00c2 00       		.byte	0
 1042 00c3 0F       		.uleb128 0xf
 1043 00c4 21       		.uleb128 0x21
 1044 00c5 00       		.byte	0
 1045 00c6 49       		.uleb128 0x49
 1046 00c7 13       		.uleb128 0x13
 1047 00c8 2F       		.uleb128 0x2f
 1048 00c9 0B       		.uleb128 0xb
 1049 00ca 00       		.byte	0
 1050 00cb 00       		.byte	0
 1051 00cc 10       		.uleb128 0x10
 1052 00cd 34       		.uleb128 0x34
 1053 00ce 00       		.byte	0
 1054 00cf 03       		.uleb128 0x3
 1055 00d0 0E       		.uleb128 0xe
 1056 00d1 3A       		.uleb128 0x3a
 1057 00d2 0B       		.uleb128 0xb
 1058 00d3 3B       		.uleb128 0x3b
 1059 00d4 05       		.uleb128 0x5
 1060 00d5 49       		.uleb128 0x49
 1061 00d6 13       		.uleb128 0x13
 1062 00d7 3F       		.uleb128 0x3f
 1063 00d8 19       		.uleb128 0x19
 1064 00d9 3C       		.uleb128 0x3c
 1065 00da 19       		.uleb128 0x19
 1066 00db 00       		.byte	0
 1067 00dc 00       		.byte	0
 1068 00dd 11       		.uleb128 0x11
 1069 00de 35       		.uleb128 0x35
 1070 00df 00       		.byte	0
 1071 00e0 49       		.uleb128 0x49
 1072 00e1 13       		.uleb128 0x13
 1073 00e2 00       		.byte	0
 1074 00e3 00       		.byte	0
 1075 00e4 12       		.uleb128 0x12
 1076 00e5 34       		.uleb128 0x34
 1077 00e6 00       		.byte	0
 1078 00e7 03       		.uleb128 0x3
 1079 00e8 08       		.uleb128 0x8
 1080 00e9 3A       		.uleb128 0x3a
 1081 00ea 0B       		.uleb128 0xb
 1082 00eb 3B       		.uleb128 0x3b
 1083 00ec 0B       		.uleb128 0xb
 1084 00ed 49       		.uleb128 0x49
 1085 00ee 13       		.uleb128 0x13
 1086 00ef 3F       		.uleb128 0x3f
ARM GAS  C:\Users\KRISTE~1\AppData\Local\Temp\cc1vb8DE.s 			page 22


 1087 00f0 19       		.uleb128 0x19
 1088 00f1 3C       		.uleb128 0x3c
 1089 00f2 19       		.uleb128 0x19
 1090 00f3 00       		.byte	0
 1091 00f4 00       		.byte	0
 1092 00f5 13       		.uleb128 0x13
 1093 00f6 2E       		.uleb128 0x2e
 1094 00f7 00       		.byte	0
 1095 00f8 3F       		.uleb128 0x3f
 1096 00f9 19       		.uleb128 0x19
 1097 00fa 3C       		.uleb128 0x3c
 1098 00fb 19       		.uleb128 0x19
 1099 00fc 6E       		.uleb128 0x6e
 1100 00fd 0E       		.uleb128 0xe
 1101 00fe 03       		.uleb128 0x3
 1102 00ff 0E       		.uleb128 0xe
 1103 0100 00       		.byte	0
 1104 0101 00       		.byte	0
 1105 0102 14       		.uleb128 0x14
 1106 0103 2E       		.uleb128 0x2e
 1107 0104 00       		.byte	0
 1108 0105 3F       		.uleb128 0x3f
 1109 0106 19       		.uleb128 0x19
 1110 0107 3C       		.uleb128 0x3c
 1111 0108 19       		.uleb128 0x19
 1112 0109 6E       		.uleb128 0x6e
 1113 010a 0E       		.uleb128 0xe
 1114 010b 03       		.uleb128 0x3
 1115 010c 0E       		.uleb128 0xe
 1116 010d 3A       		.uleb128 0x3a
 1117 010e 0B       		.uleb128 0xb
 1118 010f 3B       		.uleb128 0x3b
 1119 0110 0B       		.uleb128 0xb
 1120 0111 00       		.byte	0
 1121 0112 00       		.byte	0
 1122 0113 00       		.byte	0
 1123              		.section	.debug_loc,"",%progbits
 1124              	.Ldebug_loc0:
 1125              	.LLST0:
 1126 0000 1C000000 		.4byte	.LVL1
 1127 0004 20000000 		.4byte	.LVL2
 1128 0008 0200     		.2byte	0x2
 1129 000a 30       		.byte	0x30
 1130 000b 9F       		.byte	0x9f
 1131 000c 20000000 		.4byte	.LVL2
 1132 0010 78000000 		.4byte	.LVL11
 1133 0014 0100     		.2byte	0x1
 1134 0016 54       		.byte	0x54
 1135 0017 00000000 		.4byte	0
 1136 001b 00000000 		.4byte	0
 1137              	.LLST1:
 1138 001f 2C000000 		.4byte	.LVL3
 1139 0023 30000000 		.4byte	.LVL4
 1140 0027 0200     		.2byte	0x2
 1141 0029 30       		.byte	0x30
 1142 002a 9F       		.byte	0x9f
 1143 002b 30000000 		.4byte	.LVL4
ARM GAS  C:\Users\KRISTE~1\AppData\Local\Temp\cc1vb8DE.s 			page 23


 1144 002f 62000000 		.4byte	.LVL8
 1145 0033 0100     		.2byte	0x1
 1146 0035 53       		.byte	0x53
 1147 0036 00000000 		.4byte	0
 1148 003a 00000000 		.4byte	0
 1149              	.LLST2:
 1150 003e 38000000 		.4byte	.LVL5
 1151 0042 5C000000 		.4byte	.LVL7
 1152 0046 0100     		.2byte	0x1
 1153 0048 52       		.byte	0x52
 1154 0049 00000000 		.4byte	0
 1155 004d 00000000 		.4byte	0
 1156              	.LLST3:
 1157 0051 78000000 		.4byte	.LVL11
 1158 0055 7C000000 		.4byte	.LVL12
 1159 0059 0200     		.2byte	0x2
 1160 005b 30       		.byte	0x30
 1161 005c 9F       		.byte	0x9f
 1162 005d 7C000000 		.4byte	.LVL12
 1163 0061 10010000 		.4byte	.LFE63
 1164 0065 0100     		.2byte	0x1
 1165 0067 54       		.byte	0x54
 1166 0068 00000000 		.4byte	0
 1167 006c 00000000 		.4byte	0
 1168              	.LLST4:
 1169 0070 82000000 		.4byte	.LVL13
 1170 0074 86000000 		.4byte	.LVL14
 1171 0078 0200     		.2byte	0x2
 1172 007a 30       		.byte	0x30
 1173 007b 9F       		.byte	0x9f
 1174 007c 86000000 		.4byte	.LVL14
 1175 0080 06010000 		.4byte	.LVL33
 1176 0084 0100     		.2byte	0x1
 1177 0086 55       		.byte	0x55
 1178 0087 00000000 		.4byte	0
 1179 008b 00000000 		.4byte	0
 1180              		.section	.debug_aranges,"",%progbits
 1181 0000 1C000000 		.4byte	0x1c
 1182 0004 0200     		.2byte	0x2
 1183 0006 00000000 		.4byte	.Ldebug_info0
 1184 000a 04       		.byte	0x4
 1185 000b 00       		.byte	0
 1186 000c 0000     		.2byte	0
 1187 000e 0000     		.2byte	0
 1188 0010 00000000 		.4byte	.LFB63
 1189 0014 10010000 		.4byte	.LFE63-.LFB63
 1190 0018 00000000 		.4byte	0
 1191 001c 00000000 		.4byte	0
 1192              		.section	.debug_ranges,"",%progbits
 1193              	.Ldebug_ranges0:
 1194 0000 00000000 		.4byte	.LFB63
 1195 0004 10010000 		.4byte	.LFE63
 1196 0008 00000000 		.4byte	0
 1197 000c 00000000 		.4byte	0
 1198              		.section	.debug_line,"",%progbits
 1199              	.Ldebug_line0:
 1200 0000 F2020000 		.section	.debug_str,"MS",%progbits,1
ARM GAS  C:\Users\KRISTE~1\AppData\Local\Temp\cc1vb8DE.s 			page 24


 1200      02003102 
 1200      00000201 
 1200      FB0E0D00 
 1200      01010101 
 1201              	.LASF29:
 1202 0000 445F5772 		.ascii	"D_Write\000"
 1202      69746500 
 1203              	.LASF9:
 1204 0008 5F5F696E 		.ascii	"__int32_t\000"
 1204      7433325F 
 1204      7400
 1205              	.LASF18:
 1206 0012 73697A65 		.ascii	"size_col\000"
 1206      5F636F6C 
 1206      00
 1207              	.LASF8:
 1208 001b 756E7369 		.ascii	"unsigned int\000"
 1208      676E6564 
 1208      20696E74 
 1208      00
 1209              	.LASF19:
 1210 0028 74657874 		.ascii	"text\000"
 1210      00
 1211              	.LASF10:
 1212 002d 696E7433 		.ascii	"int32_t\000"
 1212      325F7400 
 1213              	.LASF11:
 1214 0035 666C6F61 		.ascii	"float\000"
 1214      7400
 1215              	.LASF0:
 1216 003b 7369676E 		.ascii	"signed char\000"
 1216      65642063 
 1216      68617200 
 1217              	.LASF23:
 1218 0047 52315F57 		.ascii	"R1_Write\000"
 1218      72697465 
 1218      00
 1219              	.LASF1:
 1220 0050 756E7369 		.ascii	"unsigned char\000"
 1220      676E6564 
 1220      20636861 
 1220      7200
 1221              	.LASF24:
 1222 005e 42315F57 		.ascii	"B1_Write\000"
 1222      72697465 
 1222      00
 1223              	.LASF25:
 1224 0067 47315F57 		.ascii	"G1_Write\000"
 1224      72697465 
 1224      00
 1225              	.LASF5:
 1226 0070 6C6F6E67 		.ascii	"long unsigned int\000"
 1226      20756E73 
 1226      69676E65 
 1226      6420696E 
 1226      7400
 1227              	.LASF3:
ARM GAS  C:\Users\KRISTE~1\AppData\Local\Temp\cc1vb8DE.s 			page 25


 1228 0082 73686F72 		.ascii	"short unsigned int\000"
 1228      7420756E 
 1228      7369676E 
 1228      65642069 
 1228      6E7400
 1229              	.LASF30:
 1230 0095 52325F57 		.ascii	"R2_Write\000"
 1230      72697465 
 1230      00
 1231              	.LASF31:
 1232 009e 42325F57 		.ascii	"B2_Write\000"
 1232      72697465 
 1232      00
 1233              	.LASF32:
 1234 00a7 47325F57 		.ascii	"G2_Write\000"
 1234      72697465 
 1234      00
 1235              	.LASF38:
 1236 00b0 6D656D73 		.ascii	"memset\000"
 1236      657400
 1237              	.LASF12:
 1238 00b7 646F7562 		.ascii	"double\000"
 1238      6C6500
 1239              	.LASF17:
 1240 00be 73697A65 		.ascii	"size_row\000"
 1240      5F726F77 
 1240      00
 1241              	.LASF2:
 1242 00c7 73686F72 		.ascii	"short int\000"
 1242      7420696E 
 1242      7400
 1243              	.LASF36:
 1244 00d1 43794465 		.ascii	"CyDelayUs\000"
 1244      6C617955 
 1244      7300
 1245              	.LASF21:
 1246 00db 49544D5F 		.ascii	"ITM_RxBuffer\000"
 1246      52784275 
 1246      66666572 
 1246      00
 1247              	.LASF42:
 1248 00e8 6D61696E 		.ascii	"main\000"
 1248      00
 1249              	.LASF16:
 1250 00ed 6D617472 		.ascii	"matrix\000"
 1250      697800
 1251              	.LASF22:
 1252 00f4 7374726C 		.ascii	"strlen\000"
 1252      656E00
 1253              	.LASF34:
 1254 00fb 4F455F57 		.ascii	"OE_Write\000"
 1254      72697465 
 1254      00
 1255              	.LASF7:
 1256 0104 6C6F6E67 		.ascii	"long long unsigned int\000"
 1256      206C6F6E 
 1256      6720756E 
ARM GAS  C:\Users\KRISTE~1\AppData\Local\Temp\cc1vb8DE.s 			page 26


 1256      7369676E 
 1256      65642069 
 1257              	.LASF39:
 1258 011b 474E5520 		.ascii	"GNU C11 5.4.1 20160609 (release) [ARM/embedded-5-br"
 1258      43313120 
 1258      352E342E 
 1258      31203230 
 1258      31363036 
 1259 014e 616E6368 		.ascii	"anch revision 237715] -mcpu=cortex-m3 -mthumb -g -O"
 1259      20726576 
 1259      6973696F 
 1259      6E203233 
 1259      37373135 
 1260 0181 67202D66 		.ascii	"g -ffunction-sections -ffat-lto-objects\000"
 1260      66756E63 
 1260      74696F6E 
 1260      2D736563 
 1260      74696F6E 
 1261              	.LASF14:
 1262 01a9 6C6F6E67 		.ascii	"long double\000"
 1262      20646F75 
 1262      626C6500 
 1263              	.LASF15:
 1264 01b5 73697A65 		.ascii	"sizetype\000"
 1264      74797065 
 1264      00
 1265              	.LASF6:
 1266 01be 6C6F6E67 		.ascii	"long long int\000"
 1266      206C6F6E 
 1266      6720696E 
 1266      7400
 1267              	.LASF40:
 1268 01cc 6D61696E 		.ascii	"main.c\000"
 1268      2E6300
 1269              	.LASF13:
 1270 01d3 63686172 		.ascii	"char\000"
 1270      00
 1271              	.LASF37:
 1272 01d8 6D656D63 		.ascii	"memcpy\000"
 1272      707900
 1273              	.LASF26:
 1274 01df 415F5772 		.ascii	"A_Write\000"
 1274      69746500 
 1275              	.LASF41:
 1276 01e7 433A5C55 		.ascii	"C:\\Users\\Kristella Lieu\\Desktop\\SeniorProject\\"
 1276      73657273 
 1276      5C4B7269 
 1276      7374656C 
 1276      6C61204C 
 1277 0215 4578616D 		.ascii	"Example\\Example.cydsn\000"
 1277      706C655C 
 1277      4578616D 
 1277      706C652E 
 1277      63796473 
 1278              	.LASF4:
 1279 022b 6C6F6E67 		.ascii	"long int\000"
 1279      20696E74 
ARM GAS  C:\Users\KRISTE~1\AppData\Local\Temp\cc1vb8DE.s 			page 27


 1279      00
 1280              	.LASF27:
 1281 0234 425F5772 		.ascii	"B_Write\000"
 1281      69746500 
 1282              	.LASF20:
 1283 023c 6C657474 		.ascii	"letter\000"
 1283      657200
 1284              	.LASF33:
 1285 0243 434C4B5F 		.ascii	"CLK_Write\000"
 1285      57726974 
 1285      6500
 1286              	.LASF35:
 1287 024d 4C41545F 		.ascii	"LAT_Write\000"
 1287      57726974 
 1287      6500
 1288              	.LASF28:
 1289 0257 435F5772 		.ascii	"C_Write\000"
 1289      69746500 
 1290              		.ident	"GCC: (GNU Tools for ARM Embedded Processors) 5.4.1 20160609 (release) [ARM/embedded-5-bran
